New log file opened at Wed Nov 25 12:36:43 GMT 2015 by 2700@MW77S9GATZQ88N
Sending msg to client play-fork-run-97095f39-5fb8-41c7-a8b0-68dc174a257e: DetachedLogEvent(LogMessage(debug,sbt server socket logs are in: C:\Users\martin.gwarada\projects\dvla-frontend-assignment\.sbtserver\connections\master.log))
Sending msg to client play-fork-run-97095f39-5fb8-41c7-a8b0-68dc174a257e: DetachedLogEvent(LogMessage(debug,sbt client logs are in: C:\Users\martin.gwarada\projects\dvla-frontend-assignment\.sbtserver\connections\play-fork-run-97095f39-5fb8-41c7-a8b0-68dc174a257e.log))
Sending msg to client play-fork-run-97095f39-5fb8-41c7-a8b0-68dc174a257e: DetachedLogEvent(LogMessage(debug,sbt general server logs are in: C:\Users\martin.gwarada\projects\dvla-frontend-assignment\.sbtserver\master.log))
Reading next message from client.
Got request: DaemonRequest(true)
Reading next message from client.
Sending msg to client play-fork-run-97095f39-5fb8-41c7-a8b0-68dc174a257e: (3,ReceivedResponse())
Got request: ListenToEvents()
Reading next message from client.
Sending msg to client play-fork-run-97095f39-5fb8-41c7-a8b0-68dc174a257e: (4,ReceivedResponse())
Got request: KeyLookupRequest(root/playForkConfig)
Reading next message from client.
Sending msg to client play-fork-run-97095f39-5fb8-41c7-a8b0-68dc174a257e: (5,KeyLookupResponse(root/playForkConfig,Vector(AttributeKey[play.forkrun.protocol.ForkConfig]("playForkConfig") in Scope(Build: file:/C:/Users/martin.gwarada/projects/dvla-frontend-assignment/, , Project: ProjectReference(file:/C:/Users/martin.gwarada/projects/dvla-frontend-assignment/,root)))))
Got request: ListenToValue(AttributeKey[play.forkrun.protocol.ForkConfig]("playForkConfig") in Scope(Build: file:/C:/Users/martin.gwarada/projects/dvla-frontend-assignment/, , Project: ProjectReference(file:/C:/Users/martin.gwarada/projects/dvla-frontend-assignment/,root)))
Reading next message from client.
Got request: KeyExecutionRequest(AttributeKey[play.forkrun.protocol.ForkConfig]("playForkConfig") in Scope(Build: file:/C:/Users/martin.gwarada/projects/dvla-frontend-assignment/, , Project: ProjectReference(file:/C:/Users/martin.gwarada/projects/dvla-frontend-assignment/,root)))
Reading next message from client.
Sending msg to client play-fork-run-97095f39-5fb8-41c7-a8b0-68dc174a257e: (6,ReceivedResponse())
Sending msg to client play-fork-run-97095f39-5fb8-41c7-a8b0-68dc174a257e: (7,ExecutionRequestReceived(1))
Sending msg to client play-fork-run-97095f39-5fb8-41c7-a8b0-68dc174a257e: ExecutionWaiting(1,{file:/C:/Users/martin.gwarada/projects/dvla-frontend-assignment/}root/*:playForkConfig,ClientInfo(97095f39-5fb8-41c7-a8b0-68dc174a257e,play-fork-run,Play Fork Run,1,Vector()))
Sending msg to client play-fork-run-97095f39-5fb8-41c7-a8b0-68dc174a257e: ExecutionStarting(1)
Sending msg to client play-fork-run-97095f39-5fb8-41c7-a8b0-68dc174a257e: DetachedLogEvent(LogMessage(debug,> {file:/C:/Users/martin.gwarada/projects/dvla-frontend-assignment/}root/*:playForkConfig))
Sending msg to client play-fork-run-97095f39-5fb8-41c7-a8b0-68dc174a257e: DetachedLogEvent(LogMessage(debug,Evaluating tasks: *:playForkConfig))
Sending msg to client play-fork-run-97095f39-5fb8-41c7-a8b0-68dc174a257e: DetachedLogEvent(LogMessage(debug,Running task... Cancel: sbt.server.ServerTaskCancellation@247b470d, check cycles: false))
Sending msg to client play-fork-run-97095f39-5fb8-41c7-a8b0-68dc174a257e: DetachedLogEvent(LogMessage(debug,cancel strategy start enabled=true lastCommand=Some(LastCommand(CommandExecutionWork(ExecutionId(1),{file:/C:/Users/martin.gwarada/projects/dvla-frontend-assignment/}root/*:playForkConfig,Set(LiveClient(play-fork-run 97095f39-5fb8-41c7-a8b0-68dc174a257e)),sbt.server.WorkCancellationStatus$$anon$1@1e690d46)))))
Sending msg to client play-fork-run-97095f39-5fb8-41c7-a8b0-68dc174a257e: TaskStarted(1,4,Some(AttributeKey[scala.collection.Seq[java.lang.String]]("javaOptions") in Scope(Global)))
Sending msg to client play-fork-run-97095f39-5fb8-41c7-a8b0-68dc174a257e: TaskStarted(1,5,Some(AttributeKey[scala.Option[java.lang.String]]("mainClass") in Scope(Build: file:/C:/Users/martin.gwarada/projects/dvla-frontend-assignment/, , Project: ProjectReference(file:/C:/Users/martin.gwarada/projects/dvla-frontend-assignment/,root), Config: compile, Task: AttributeKey[void]("run"))))
Sending msg to client play-fork-run-97095f39-5fb8-41c7-a8b0-68dc174a257e: TaskStarted(1,7,Some(AttributeKey[scala.Tuple2[java.lang.String,java.io.File]]("playPrefixAndAssets") in Scope(Build: file:/C:/Users/martin.gwarada/projects/dvla-frontend-assignment/, , Project: ProjectReference(file:/C:/Users/martin.gwarada/projects/dvla-frontend-assignment/,root))))
Sending msg to client play-fork-run-97095f39-5fb8-41c7-a8b0-68dc174a257e: TaskStarted(1,13,None)
Sending msg to client play-fork-run-97095f39-5fb8-41c7-a8b0-68dc174a257e: TaskStarted(1,14,None)
Sending msg to client play-fork-run-97095f39-5fb8-41c7-a8b0-68dc174a257e: TaskStarted(1,15,None)
Sending msg to client play-fork-run-97095f39-5fb8-41c7-a8b0-68dc174a257e: TaskStarted(1,17,None)
Sending msg to client play-fork-run-97095f39-5fb8-41c7-a8b0-68dc174a257e: TaskStarted(1,18,Some(AttributeKey[boolean]("skip") in Scope(Global)))
Sending msg to client play-fork-run-97095f39-5fb8-41c7-a8b0-68dc174a257e: TaskStarted(1,22,None)
Sending msg to client play-fork-run-97095f39-5fb8-41c7-a8b0-68dc174a257e: TaskStarted(1,23,Some(AttributeKey[java.lang.String]("updateCacheName") in Scope(Build: file:/C:/Users/martin.gwarada/projects/dvla-frontend-assignment/, , Project: ProjectReference(file:/C:/Users/martin.gwarada/projects/dvla-frontend-assignment/,root))))
Sending msg to client play-fork-run-97095f39-5fb8-41c7-a8b0-68dc174a257e: TaskStarted(1,32,Some(AttributeKey[scala.collection.Seq[sbt.Credentials]]("credentials") in Scope(Global)))
Sending msg to client play-fork-run-97095f39-5fb8-41c7-a8b0-68dc174a257e: TaskStarted(1,36,Some(AttributeKey[scala.collection.Seq[sbt.Resolver]]("externalResolvers") in Scope(Build: file:/C:/Users/martin.gwarada/projects/dvla-frontend-assignment/, , Project: ProjectReference(file:/C:/Users/martin.gwarada/projects/dvla-frontend-assignment/,root))))
Sending msg to client play-fork-run-97095f39-5fb8-41c7-a8b0-68dc174a257e: TaskStarted(1,40,Some(AttributeKey[scala.Option[scala.collection.Seq[sbt.Resolver]]]("bootResolvers") in Scope(Build: file:/C:/Users/martin.gwarada/projects/dvla-frontend-assignment/, , Project: ProjectReference(file:/C:/Users/martin.gwarada/projects/dvla-frontend-assignment/,root))))
Sending msg to client play-fork-run-97095f39-5fb8-41c7-a8b0-68dc174a257e: TaskStarted(1,43,None)
Sending msg to client play-fork-run-97095f39-5fb8-41c7-a8b0-68dc174a257e: TaskStarted(1,52,None)
Sending msg to client play-fork-run-97095f39-5fb8-41c7-a8b0-68dc174a257e: TaskStarted(1,58,None)
Sending msg to client play-fork-run-97095f39-5fb8-41c7-a8b0-68dc174a257e: TaskFinished(1,4,Some(AttributeKey[scala.collection.Seq[java.lang.String]]("javaOptions") in Scope(Global)),true,None)
Sending msg to client play-fork-run-97095f39-5fb8-41c7-a8b0-68dc174a257e: TaskFinished(1,5,Some(AttributeKey[scala.Option[java.lang.String]]("mainClass") in Scope(Build: file:/C:/Users/martin.gwarada/projects/dvla-frontend-assignment/, , Project: ProjectReference(file:/C:/Users/martin.gwarada/projects/dvla-frontend-assignment/,root), Config: compile, Task: AttributeKey[void]("run"))),true,None)
Sending msg to client play-fork-run-97095f39-5fb8-41c7-a8b0-68dc174a257e: TaskFinished(1,7,Some(AttributeKey[scala.Tuple2[java.lang.String,java.io.File]]("playPrefixAndAssets") in Scope(Build: file:/C:/Users/martin.gwarada/projects/dvla-frontend-assignment/, , Project: ProjectReference(file:/C:/Users/martin.gwarada/projects/dvla-frontend-assignment/,root))),true,None)
Sending msg to client play-fork-run-97095f39-5fb8-41c7-a8b0-68dc174a257e: TaskStarted(1,6,Some(AttributeKey[scala.collection.Seq[scala.Tuple2[java.lang.String,java.io.File]]]("playAllAssets") in Scope(Build: file:/C:/Users/martin.gwarada/projects/dvla-frontend-assignment/, , Project: ProjectReference(file:/C:/Users/martin.gwarada/projects/dvla-frontend-assignment/,root))))
Sending msg to client play-fork-run-97095f39-5fb8-41c7-a8b0-68dc174a257e: TaskFinished(1,13,None,true,None)
Sending msg to client play-fork-run-97095f39-5fb8-41c7-a8b0-68dc174a257e: TaskFinished(1,14,None,true,None)
Sending msg to client play-fork-run-97095f39-5fb8-41c7-a8b0-68dc174a257e: TaskStarted(1,12,Some(AttributeKey[scala.collection.Seq[sbt.UpdateReport]]("transitiveUpdate") in Scope(Build: file:/C:/Users/martin.gwarada/projects/dvla-frontend-assignment/, , Project: ProjectReference(file:/C:/Users/martin.gwarada/projects/dvla-frontend-assignment/,root))))
Sending msg to client play-fork-run-97095f39-5fb8-41c7-a8b0-68dc174a257e: TaskFinished(1,15,None,true,None)
Sending msg to client play-fork-run-97095f39-5fb8-41c7-a8b0-68dc174a257e: TaskFinished(1,17,None,true,None)
Sending msg to client play-fork-run-97095f39-5fb8-41c7-a8b0-68dc174a257e: TaskStarted(1,16,Some(AttributeKey[java.io.File]("dependencyCacheDirectory") in Scope(Build: file:/C:/Users/martin.gwarada/projects/dvla-frontend-assignment/, , Project: ProjectReference(file:/C:/Users/martin.gwarada/projects/dvla-frontend-assignment/,root))))
Sending msg to client play-fork-run-97095f39-5fb8-41c7-a8b0-68dc174a257e: TaskStarted(1,30,Some(AttributeKey[sbt.BuildStructure]("buildStructure") in Scope(Global)))
Sending msg to client play-fork-run-97095f39-5fb8-41c7-a8b0-68dc174a257e: TaskFinished(1,18,Some(AttributeKey[boolean]("skip") in Scope(Global)),true,None)
Sending msg to client play-fork-run-97095f39-5fb8-41c7-a8b0-68dc174a257e: TaskFinished(1,22,None,true,None)
Sending msg to client play-fork-run-97095f39-5fb8-41c7-a8b0-68dc174a257e: TaskStarted(1,21,None)
Sending msg to client play-fork-run-97095f39-5fb8-41c7-a8b0-68dc174a257e: TaskStarted(1,24,None)
Sending msg to client play-fork-run-97095f39-5fb8-41c7-a8b0-68dc174a257e: TaskStarted(1,33,None)
Sending msg to client play-fork-run-97095f39-5fb8-41c7-a8b0-68dc174a257e: TaskStarted(1,39,None)
Sending msg to client play-fork-run-97095f39-5fb8-41c7-a8b0-68dc174a257e: TaskStarted(1,41,None)
Sending msg to client play-fork-run-97095f39-5fb8-41c7-a8b0-68dc174a257e: TaskStarted(1,47,None)
Sending msg to client play-fork-run-97095f39-5fb8-41c7-a8b0-68dc174a257e: TaskStarted(1,55,None)
Sending msg to client play-fork-run-97095f39-5fb8-41c7-a8b0-68dc174a257e: TaskStarted(1,56,None)
Sending msg to client play-fork-run-97095f39-5fb8-41c7-a8b0-68dc174a257e: TaskFinished(1,23,Some(AttributeKey[java.lang.String]("updateCacheName") in Scope(Build: file:/C:/Users/martin.gwarada/projects/dvla-frontend-assignment/, , Project: ProjectReference(file:/C:/Users/martin.gwarada/projects/dvla-frontend-assignment/,root))),true,None)
Sending msg to client play-fork-run-97095f39-5fb8-41c7-a8b0-68dc174a257e: TaskFinished(1,32,Some(AttributeKey[scala.collection.Seq[sbt.Credentials]]("credentials") in Scope(Global)),true,None)
Sending msg to client play-fork-run-97095f39-5fb8-41c7-a8b0-68dc174a257e: TaskFinished(1,36,Some(AttributeKey[scala.collection.Seq[sbt.Resolver]]("externalResolvers") in Scope(Build: file:/C:/Users/martin.gwarada/projects/dvla-frontend-assignment/, , Project: ProjectReference(file:/C:/Users/martin.gwarada/projects/dvla-frontend-assignment/,root))),true,None)
Sending msg to client play-fork-run-97095f39-5fb8-41c7-a8b0-68dc174a257e: TaskFinished(1,43,None,true,None)
Sending msg to client play-fork-run-97095f39-5fb8-41c7-a8b0-68dc174a257e: TaskFinished(1,52,None,true,None)
Sending msg to client play-fork-run-97095f39-5fb8-41c7-a8b0-68dc174a257e: TaskFinished(1,6,Some(AttributeKey[scala.collection.Seq[scala.Tuple2[java.lang.String,java.io.File]]]("playAllAssets") in Scope(Build: file:/C:/Users/martin.gwarada/projects/dvla-frontend-assignment/, , Project: ProjectReference(file:/C:/Users/martin.gwarada/projects/dvla-frontend-assignment/,root))),true,None)
Sending msg to client play-fork-run-97095f39-5fb8-41c7-a8b0-68dc174a257e: TaskFinished(1,12,Some(AttributeKey[scala.collection.Seq[sbt.UpdateReport]]("transitiveUpdate") in Scope(Build: file:/C:/Users/martin.gwarada/projects/dvla-frontend-assignment/, , Project: ProjectReference(file:/C:/Users/martin.gwarada/projects/dvla-frontend-assignment/,root))),true,None)
Sending msg to client play-fork-run-97095f39-5fb8-41c7-a8b0-68dc174a257e: TaskFinished(1,16,Some(AttributeKey[java.io.File]("dependencyCacheDirectory") in Scope(Build: file:/C:/Users/martin.gwarada/projects/dvla-frontend-assignment/, , Project: ProjectReference(file:/C:/Users/martin.gwarada/projects/dvla-frontend-assignment/,root))),true,None)
Sending msg to client play-fork-run-97095f39-5fb8-41c7-a8b0-68dc174a257e: TaskFinished(1,40,Some(AttributeKey[scala.Option[scala.collection.Seq[sbt.Resolver]]]("bootResolvers") in Scope(Build: file:/C:/Users/martin.gwarada/projects/dvla-frontend-assignment/, , Project: ProjectReference(file:/C:/Users/martin.gwarada/projects/dvla-frontend-assignment/,root))),true,None)
Sending msg to client play-fork-run-97095f39-5fb8-41c7-a8b0-68dc174a257e: TaskFinished(1,30,Some(AttributeKey[sbt.BuildStructure]("buildStructure") in Scope(Global)),true,None)
Sending msg to client play-fork-run-97095f39-5fb8-41c7-a8b0-68dc174a257e: TaskStarted(1,29,Some(AttributeKey[sbt.Settings[sbt.Scope]]("settingsData") in Scope(Global)))
Sending msg to client play-fork-run-97095f39-5fb8-41c7-a8b0-68dc174a257e: TaskFinished(1,58,None,true,None)
Sending msg to client play-fork-run-97095f39-5fb8-41c7-a8b0-68dc174a257e: TaskFinished(1,24,None,true,None)
Sending msg to client play-fork-run-97095f39-5fb8-41c7-a8b0-68dc174a257e: TaskFinished(1,33,None,true,None)
Sending msg to client play-fork-run-97095f39-5fb8-41c7-a8b0-68dc174a257e: TaskFinished(1,21,None,true,None)
Sending msg to client play-fork-run-97095f39-5fb8-41c7-a8b0-68dc174a257e: TaskStarted(1,20,Some(AttributeKey[scala.collection.immutable.Map[sbt.ModuleID,sbt.SourcePosition]]("dependencyPositions") in Scope(Build: file:/C:/Users/martin.gwarada/projects/dvla-frontend-assignment/, , Project: ProjectReference(file:/C:/Users/martin.gwarada/projects/dvla-frontend-assignment/,root))))
Sending msg to client play-fork-run-97095f39-5fb8-41c7-a8b0-68dc174a257e: TaskFinished(1,39,None,true,None)
Sending msg to client play-fork-run-97095f39-5fb8-41c7-a8b0-68dc174a257e: TaskFinished(1,41,None,true,None)
Sending msg to client play-fork-run-97095f39-5fb8-41c7-a8b0-68dc174a257e: TaskFinished(1,56,None,true,None)
Sending msg to client play-fork-run-97095f39-5fb8-41c7-a8b0-68dc174a257e: TaskFinished(1,47,None,true,None)
Sending msg to client play-fork-run-97095f39-5fb8-41c7-a8b0-68dc174a257e: TaskFinished(1,29,Some(AttributeKey[sbt.Settings[sbt.Scope]]("settingsData") in Scope(Global)),true,None)
Sending msg to client play-fork-run-97095f39-5fb8-41c7-a8b0-68dc174a257e: TaskStarted(1,28,Some(AttributeKey[scala.collection.Seq[sbt.ModuleID]]("projectDependencies") in Scope(Build: file:/C:/Users/martin.gwarada/projects/dvla-frontend-assignment/, , Project: ProjectReference(file:/C:/Users/martin.gwarada/projects/dvla-frontend-assignment/,root))))
Sending msg to client play-fork-run-97095f39-5fb8-41c7-a8b0-68dc174a257e: TaskStarted(1,38,Some(AttributeKey[scala.collection.immutable.Map[org.apache.ivy.core.module.id.ModuleRevisionId,org.apache.ivy.core.module.descriptor.ModuleDescriptor]]("projectDescriptors") in Scope(Build: file:/C:/Users/martin.gwarada/projects/dvla-frontend-assignment/, , Project: ProjectReference(file:/C:/Users/martin.gwarada/projects/dvla-frontend-assignment/,root))))
Sending msg to client play-fork-run-97095f39-5fb8-41c7-a8b0-68dc174a257e: TaskStarted(1,42,None)
Sending msg to client play-fork-run-97095f39-5fb8-41c7-a8b0-68dc174a257e: TaskStarted(1,54,None)
Sending msg to client play-fork-run-97095f39-5fb8-41c7-a8b0-68dc174a257e: TaskStarted(1,57,Some(AttributeKey[scala.collection.Seq[java.io.File]]("playMonitoredFiles") in Scope(Build: file:/C:/Users/martin.gwarada/projects/dvla-frontend-assignment/, , Project: ProjectReference(file:/C:/Users/martin.gwarada/projects/dvla-frontend-assignment/,root))))
Sending msg to client play-fork-run-97095f39-5fb8-41c7-a8b0-68dc174a257e: TaskFinished(1,28,Some(AttributeKey[scala.collection.Seq[sbt.ModuleID]]("projectDependencies") in Scope(Build: file:/C:/Users/martin.gwarada/projects/dvla-frontend-assignment/, , Project: ProjectReference(file:/C:/Users/martin.gwarada/projects/dvla-frontend-assignment/,root))),true,None)
Sending msg to client play-fork-run-97095f39-5fb8-41c7-a8b0-68dc174a257e: TaskStarted(1,27,Some(AttributeKey[scala.collection.Seq[sbt.ModuleID]]("allDependencies") in Scope(Build: file:/C:/Users/martin.gwarada/projects/dvla-frontend-assignment/, , Project: ProjectReference(file:/C:/Users/martin.gwarada/projects/dvla-frontend-assignment/,root))))
Sending msg to client play-fork-run-97095f39-5fb8-41c7-a8b0-68dc174a257e: TaskFinished(1,20,Some(AttributeKey[scala.collection.immutable.Map[sbt.ModuleID,sbt.SourcePosition]]("dependencyPositions") in Scope(Build: file:/C:/Users/martin.gwarada/projects/dvla-frontend-assignment/, , Project: ProjectReference(file:/C:/Users/martin.gwarada/projects/dvla-frontend-assignment/,root))),true,None)
Sending msg to client play-fork-run-97095f39-5fb8-41c7-a8b0-68dc174a257e: TaskStarted(1,19,Some(AttributeKey[sbt.UnresolvedWarningConfiguration]("unresolvedWarningConfiguration") in Scope(Build: file:/C:/Users/martin.gwarada/projects/dvla-frontend-assignment/, , Project: ProjectReference(file:/C:/Users/martin.gwarada/projects/dvla-frontend-assignment/,root), Task: AttributeKey[sbt.UpdateReport]("update"))))
Sending msg to client play-fork-run-97095f39-5fb8-41c7-a8b0-68dc174a257e: TaskStarted(1,59,None)
Sending msg to client play-fork-run-97095f39-5fb8-41c7-a8b0-68dc174a257e: TaskStarted(1,63,None)
Sending msg to client play-fork-run-97095f39-5fb8-41c7-a8b0-68dc174a257e: TaskStarted(1,64,None)
Sending msg to client play-fork-run-97095f39-5fb8-41c7-a8b0-68dc174a257e: TaskStarted(1,67,None)
Sending msg to client play-fork-run-97095f39-5fb8-41c7-a8b0-68dc174a257e: TaskStarted(1,68,None)
Sending msg to client play-fork-run-97095f39-5fb8-41c7-a8b0-68dc174a257e: TaskStarted(1,70,None)
Sending msg to client play-fork-run-97095f39-5fb8-41c7-a8b0-68dc174a257e: TaskStarted(1,72,None)
Sending msg to client play-fork-run-97095f39-5fb8-41c7-a8b0-68dc174a257e: TaskStarted(1,73,None)
Sending msg to client play-fork-run-97095f39-5fb8-41c7-a8b0-68dc174a257e: TaskFinished(1,27,Some(AttributeKey[scala.collection.Seq[sbt.ModuleID]]("allDependencies") in Scope(Build: file:/C:/Users/martin.gwarada/projects/dvla-frontend-assignment/, , Project: ProjectReference(file:/C:/Users/martin.gwarada/projects/dvla-frontend-assignment/,root))),true,None)
Sending msg to client play-fork-run-97095f39-5fb8-41c7-a8b0-68dc174a257e: TaskStarted(1,26,Some(AttributeKey[sbt.ModuleSettings]("moduleSettings") in Scope(Build: file:/C:/Users/martin.gwarada/projects/dvla-frontend-assignment/, , Project: ProjectReference(file:/C:/Users/martin.gwarada/projects/dvla-frontend-assignment/,root))))
Sending msg to client play-fork-run-97095f39-5fb8-41c7-a8b0-68dc174a257e: TaskFinished(1,19,Some(AttributeKey[sbt.UnresolvedWarningConfiguration]("unresolvedWarningConfiguration") in Scope(Build: file:/C:/Users/martin.gwarada/projects/dvla-frontend-assignment/, , Project: ProjectReference(file:/C:/Users/martin.gwarada/projects/dvla-frontend-assignment/,root), Task: AttributeKey[sbt.UpdateReport]("update"))),true,None)
Sending msg to client play-fork-run-97095f39-5fb8-41c7-a8b0-68dc174a257e: TaskFinished(1,59,None,true,None)
Sending msg to client play-fork-run-97095f39-5fb8-41c7-a8b0-68dc174a257e: TaskFinished(1,42,None,true,None)
Sending msg to client play-fork-run-97095f39-5fb8-41c7-a8b0-68dc174a257e: TaskFinished(1,63,None,true,None)
Sending msg to client play-fork-run-97095f39-5fb8-41c7-a8b0-68dc174a257e: TaskFinished(1,64,None,true,None)
Sending msg to client play-fork-run-97095f39-5fb8-41c7-a8b0-68dc174a257e: TaskStarted(1,62,Some(AttributeKey[scala.collection.Seq[sbt.Attributed[java.io.File]]]("unmanagedJars") in Scope(Build: file:/C:/Users/martin.gwarada/projects/dvla-frontend-assignment/, , Project: ProjectReference(file:/C:/Users/martin.gwarada/projects/dvla-frontend-assignment/,root), Config: runtime)))
Sending msg to client play-fork-run-97095f39-5fb8-41c7-a8b0-68dc174a257e: TaskFinished(1,70,None,true,None)
Sending msg to client play-fork-run-97095f39-5fb8-41c7-a8b0-68dc174a257e: TaskStarted(1,69,None)
Sending msg to client play-fork-run-97095f39-5fb8-41c7-a8b0-68dc174a257e: TaskFinished(1,72,None,true,None)
Sending msg to client play-fork-run-97095f39-5fb8-41c7-a8b0-68dc174a257e: TaskStarted(1,71,None)
Sending msg to client play-fork-run-97095f39-5fb8-41c7-a8b0-68dc174a257e: TaskFinished(1,73,None,true,None)
Sending msg to client play-fork-run-97095f39-5fb8-41c7-a8b0-68dc174a257e: TaskFinished(1,57,Some(AttributeKey[scala.collection.Seq[java.io.File]]("playMonitoredFiles") in Scope(Build: file:/C:/Users/martin.gwarada/projects/dvla-frontend-assignment/, , Project: ProjectReference(file:/C:/Users/martin.gwarada/projects/dvla-frontend-assignment/,root))),true,None)
Sending msg to client play-fork-run-97095f39-5fb8-41c7-a8b0-68dc174a257e: TaskFinished(1,68,None,true,None)
Sending msg to client play-fork-run-97095f39-5fb8-41c7-a8b0-68dc174a257e: TaskFinished(1,67,None,true,None)
Sending msg to client play-fork-run-97095f39-5fb8-41c7-a8b0-68dc174a257e: TaskStarted(1,66,Some(AttributeKey[scala.collection.Seq[sbt.Attributed[java.io.File]]]("unmanagedJars") in Scope(Build: file:/C:/Users/martin.gwarada/projects/dvla-frontend-assignment/, , Project: ProjectReference(file:/C:/Users/martin.gwarada/projects/dvla-frontend-assignment/,root), Config: compile)))
Sending msg to client play-fork-run-97095f39-5fb8-41c7-a8b0-68dc174a257e: TaskFinished(1,26,Some(AttributeKey[sbt.ModuleSettings]("moduleSettings") in Scope(Build: file:/C:/Users/martin.gwarada/projects/dvla-frontend-assignment/, , Project: ProjectReference(file:/C:/Users/martin.gwarada/projects/dvla-frontend-assignment/,root))),true,None)
Sending msg to client play-fork-run-97095f39-5fb8-41c7-a8b0-68dc174a257e: TaskStarted(1,74,None)
Sending msg to client play-fork-run-97095f39-5fb8-41c7-a8b0-68dc174a257e: TaskFinished(1,62,Some(AttributeKey[scala.collection.Seq[sbt.Attributed[java.io.File]]]("unmanagedJars") in Scope(Build: file:/C:/Users/martin.gwarada/projects/dvla-frontend-assignment/, , Project: ProjectReference(file:/C:/Users/martin.gwarada/projects/dvla-frontend-assignment/,root), Config: runtime)),true,None)
Sending msg to client play-fork-run-97095f39-5fb8-41c7-a8b0-68dc174a257e: TaskFinished(1,71,None,true,None)
Sending msg to client play-fork-run-97095f39-5fb8-41c7-a8b0-68dc174a257e: TaskFinished(1,38,Some(AttributeKey[scala.collection.immutable.Map[org.apache.ivy.core.module.id.ModuleRevisionId,org.apache.ivy.core.module.descriptor.ModuleDescriptor]]("projectDescriptors") in Scope(Build: file:/C:/Users/martin.gwarada/projects/dvla-frontend-assignment/, , Project: ProjectReference(file:/C:/Users/martin.gwarada/projects/dvla-frontend-assignment/,root))),true,None)
Sending msg to client play-fork-run-97095f39-5fb8-41c7-a8b0-68dc174a257e: TaskStarted(1,37,Some(AttributeKey[sbt.Resolver]("projectResolver") in Scope(Build: file:/C:/Users/martin.gwarada/projects/dvla-frontend-assignment/, , Project: ProjectReference(file:/C:/Users/martin.gwarada/projects/dvla-frontend-assignment/,root))))
Sending msg to client play-fork-run-97095f39-5fb8-41c7-a8b0-68dc174a257e: TaskFinished(1,55,None,true,None)
Sending msg to client play-fork-run-97095f39-5fb8-41c7-a8b0-68dc174a257e: TaskFinished(1,74,None,true,None)
Sending msg to client play-fork-run-97095f39-5fb8-41c7-a8b0-68dc174a257e: TaskFinished(1,69,None,true,None)
Sending msg to client play-fork-run-97095f39-5fb8-41c7-a8b0-68dc174a257e: TaskFinished(1,37,Some(AttributeKey[sbt.Resolver]("projectResolver") in Scope(Build: file:/C:/Users/martin.gwarada/projects/dvla-frontend-assignment/, , Project: ProjectReference(file:/C:/Users/martin.gwarada/projects/dvla-frontend-assignment/,root))),true,None)
Sending msg to client play-fork-run-97095f39-5fb8-41c7-a8b0-68dc174a257e: TaskStarted(1,35,Some(AttributeKey[scala.collection.Seq[sbt.Resolver]]("fullResolvers") in Scope(Build: file:/C:/Users/martin.gwarada/projects/dvla-frontend-assignment/, , Project: ProjectReference(file:/C:/Users/martin.gwarada/projects/dvla-frontend-assignment/,root))))
Sending msg to client play-fork-run-97095f39-5fb8-41c7-a8b0-68dc174a257e: TaskFinished(1,66,Some(AttributeKey[scala.collection.Seq[sbt.Attributed[java.io.File]]]("unmanagedJars") in Scope(Build: file:/C:/Users/martin.gwarada/projects/dvla-frontend-assignment/, , Project: ProjectReference(file:/C:/Users/martin.gwarada/projects/dvla-frontend-assignment/,root), Config: compile)),true,None)
Sending msg to client play-fork-run-97095f39-5fb8-41c7-a8b0-68dc174a257e: TaskStarted(1,65,Some(AttributeKey[scala.collection.Seq[sbt.Attributed[java.io.File]]]("unmanagedJars") in Scope(Build: file:/C:/Users/martin.gwarada/projects/dvla-frontend-assignment/, , Project: ProjectReference(file:/C:/Users/martin.gwarada/projects/dvla-frontend-assignment/,root), Config: compile)))
Sending msg to client play-fork-run-97095f39-5fb8-41c7-a8b0-68dc174a257e: TaskFinished(1,65,Some(AttributeKey[scala.collection.Seq[sbt.Attributed[java.io.File]]]("unmanagedJars") in Scope(Build: file:/C:/Users/martin.gwarada/projects/dvla-frontend-assignment/, , Project: ProjectReference(file:/C:/Users/martin.gwarada/projects/dvla-frontend-assignment/,root), Config: compile)),true,None)
Sending msg to client play-fork-run-97095f39-5fb8-41c7-a8b0-68dc174a257e: TaskStarted(1,61,None)
Sending msg to client play-fork-run-97095f39-5fb8-41c7-a8b0-68dc174a257e: TaskFinished(1,61,None,true,None)
Sending msg to client play-fork-run-97095f39-5fb8-41c7-a8b0-68dc174a257e: TaskStarted(1,60,None)
Sending msg to client play-fork-run-97095f39-5fb8-41c7-a8b0-68dc174a257e: TaskFinished(1,60,None,true,None)
Sending msg to client play-fork-run-97095f39-5fb8-41c7-a8b0-68dc174a257e: TaskFinished(1,54,None,true,None)
Sending msg to client play-fork-run-97095f39-5fb8-41c7-a8b0-68dc174a257e: TaskStarted(1,53,Some(AttributeKey[scala.collection.Seq[sbt.Attributed[java.io.File]]]("unmanagedClasspath") in Scope(Build: file:/C:/Users/martin.gwarada/projects/dvla-frontend-assignment/, , Project: ProjectReference(file:/C:/Users/martin.gwarada/projects/dvla-frontend-assignment/,root), Config: runtime)))
Sending msg to client play-fork-run-97095f39-5fb8-41c7-a8b0-68dc174a257e: TaskFinished(1,53,Some(AttributeKey[scala.collection.Seq[sbt.Attributed[java.io.File]]]("unmanagedClasspath") in Scope(Build: file:/C:/Users/martin.gwarada/projects/dvla-frontend-assignment/, , Project: ProjectReference(file:/C:/Users/martin.gwarada/projects/dvla-frontend-assignment/,root), Config: runtime)),true,None)
Sending msg to client play-fork-run-97095f39-5fb8-41c7-a8b0-68dc174a257e: TaskFinished(1,35,Some(AttributeKey[scala.collection.Seq[sbt.Resolver]]("fullResolvers") in Scope(Build: file:/C:/Users/martin.gwarada/projects/dvla-frontend-assignment/, , Project: ProjectReference(file:/C:/Users/martin.gwarada/projects/dvla-frontend-assignment/,root))),true,None)
Sending msg to client play-fork-run-97095f39-5fb8-41c7-a8b0-68dc174a257e: TaskStarted(1,34,Some(AttributeKey[sbt.IvyConfiguration]("ivyConfiguration") in Scope(Build: file:/C:/Users/martin.gwarada/projects/dvla-frontend-assignment/, , Project: ProjectReference(file:/C:/Users/martin.gwarada/projects/dvla-frontend-assignment/,root))))
Sending msg to client play-fork-run-97095f39-5fb8-41c7-a8b0-68dc174a257e: TaskFinished(1,34,Some(AttributeKey[sbt.IvyConfiguration]("ivyConfiguration") in Scope(Build: file:/C:/Users/martin.gwarada/projects/dvla-frontend-assignment/, , Project: ProjectReference(file:/C:/Users/martin.gwarada/projects/dvla-frontend-assignment/,root))),true,None)
Sending msg to client play-fork-run-97095f39-5fb8-41c7-a8b0-68dc174a257e: TaskStarted(1,31,Some(AttributeKey[sbt.IvySbt]("ivySbt") in Scope(Build: file:/C:/Users/martin.gwarada/projects/dvla-frontend-assignment/, , Project: ProjectReference(file:/C:/Users/martin.gwarada/projects/dvla-frontend-assignment/,root))))
Sending msg to client play-fork-run-97095f39-5fb8-41c7-a8b0-68dc174a257e: TaskFinished(1,31,Some(AttributeKey[sbt.IvySbt]("ivySbt") in Scope(Build: file:/C:/Users/martin.gwarada/projects/dvla-frontend-assignment/, , Project: ProjectReference(file:/C:/Users/martin.gwarada/projects/dvla-frontend-assignment/,root))),true,None)
Sending msg to client play-fork-run-97095f39-5fb8-41c7-a8b0-68dc174a257e: TaskStarted(1,25,Some(AttributeKey[sbt.IvySbt$Module]("ivyModule") in Scope(Build: file:/C:/Users/martin.gwarada/projects/dvla-frontend-assignment/, , Project: ProjectReference(file:/C:/Users/martin.gwarada/projects/dvla-frontend-assignment/,root))))
Sending msg to client play-fork-run-97095f39-5fb8-41c7-a8b0-68dc174a257e: TaskFinished(1,25,Some(AttributeKey[sbt.IvySbt$Module]("ivyModule") in Scope(Build: file:/C:/Users/martin.gwarada/projects/dvla-frontend-assignment/, , Project: ProjectReference(file:/C:/Users/martin.gwarada/projects/dvla-frontend-assignment/,root))),true,None)
Sending msg to client play-fork-run-97095f39-5fb8-41c7-a8b0-68dc174a257e: TaskStarted(1,11,Some(AttributeKey[sbt.UpdateReport]("update") in Scope(Build: file:/C:/Users/martin.gwarada/projects/dvla-frontend-assignment/, , Project: ProjectReference(file:/C:/Users/martin.gwarada/projects/dvla-frontend-assignment/,root))))
Sending msg to client play-fork-run-97095f39-5fb8-41c7-a8b0-68dc174a257e: TaskFinished(1,11,Some(AttributeKey[sbt.UpdateReport]("update") in Scope(Build: file:/C:/Users/martin.gwarada/projects/dvla-frontend-assignment/, , Project: ProjectReference(file:/C:/Users/martin.gwarada/projects/dvla-frontend-assignment/,root))),true,None)
Sending msg to client play-fork-run-97095f39-5fb8-41c7-a8b0-68dc174a257e: TaskStarted(1,10,Some(AttributeKey[sbt.UpdateReport]("update") in Scope(Build: file:/C:/Users/martin.gwarada/projects/dvla-frontend-assignment/, , Project: ProjectReference(file:/C:/Users/martin.gwarada/projects/dvla-frontend-assignment/,root))))
Sending msg to client play-fork-run-97095f39-5fb8-41c7-a8b0-68dc174a257e: TaskFinished(1,10,Some(AttributeKey[sbt.UpdateReport]("update") in Scope(Build: file:/C:/Users/martin.gwarada/projects/dvla-frontend-assignment/, , Project: ProjectReference(file:/C:/Users/martin.gwarada/projects/dvla-frontend-assignment/,root))),true,None)
Sending msg to client play-fork-run-97095f39-5fb8-41c7-a8b0-68dc174a257e: TaskStarted(1,9,Some(AttributeKey[scala.collection.Seq[sbt.Attributed[java.io.File]]]("managedClasspath") in Scope(Build: file:/C:/Users/martin.gwarada/projects/dvla-frontend-assignment/, , Project: ProjectReference(file:/C:/Users/martin.gwarada/projects/dvla-frontend-assignment/,root), Config: docs)))
Sending msg to client play-fork-run-97095f39-5fb8-41c7-a8b0-68dc174a257e: TaskStarted(1,51,Some(AttributeKey[sbt.Configuration]("classpathConfiguration") in Scope(Build: file:/C:/Users/martin.gwarada/projects/dvla-frontend-assignment/, , Project: ProjectReference(file:/C:/Users/martin.gwarada/projects/dvla-frontend-assignment/,root), Config: compile)))
Sending msg to client play-fork-run-97095f39-5fb8-41c7-a8b0-68dc174a257e: TaskFinished(1,9,Some(AttributeKey[scala.collection.Seq[sbt.Attributed[java.io.File]]]("managedClasspath") in Scope(Build: file:/C:/Users/martin.gwarada/projects/dvla-frontend-assignment/, , Project: ProjectReference(file:/C:/Users/martin.gwarada/projects/dvla-frontend-assignment/,root), Config: docs)),true,None)
Sending msg to client play-fork-run-97095f39-5fb8-41c7-a8b0-68dc174a257e: TaskStarted(1,8,Some(AttributeKey[scala.Option[java.io.File]]("playDocsJar") in Scope(Build: file:/C:/Users/martin.gwarada/projects/dvla-frontend-assignment/, , Project: ProjectReference(file:/C:/Users/martin.gwarada/projects/dvla-frontend-assignment/,root))))
Sending msg to client play-fork-run-97095f39-5fb8-41c7-a8b0-68dc174a257e: TaskFinished(1,51,Some(AttributeKey[sbt.Configuration]("classpathConfiguration") in Scope(Build: file:/C:/Users/martin.gwarada/projects/dvla-frontend-assignment/, , Project: ProjectReference(file:/C:/Users/martin.gwarada/projects/dvla-frontend-assignment/,root), Config: compile)),true,None)
Sending msg to client play-fork-run-97095f39-5fb8-41c7-a8b0-68dc174a257e: TaskStarted(1,50,None)
Sending msg to client play-fork-run-97095f39-5fb8-41c7-a8b0-68dc174a257e: TaskFinished(1,50,None,true,None)
Sending msg to client play-fork-run-97095f39-5fb8-41c7-a8b0-68dc174a257e: TaskStarted(1,49,Some(AttributeKey[sbt.Configuration]("classpathConfiguration") in Scope(Build: file:/C:/Users/martin.gwarada/projects/dvla-frontend-assignment/, , Project: ProjectReference(file:/C:/Users/martin.gwarada/projects/dvla-frontend-assignment/,root), Config: runtime)))
Sending msg to client play-fork-run-97095f39-5fb8-41c7-a8b0-68dc174a257e: TaskFinished(1,8,Some(AttributeKey[scala.Option[java.io.File]]("playDocsJar") in Scope(Build: file:/C:/Users/martin.gwarada/projects/dvla-frontend-assignment/, , Project: ProjectReference(file:/C:/Users/martin.gwarada/projects/dvla-frontend-assignment/,root))),true,None)
Sending msg to client play-fork-run-97095f39-5fb8-41c7-a8b0-68dc174a257e: TaskFinished(1,49,Some(AttributeKey[sbt.Configuration]("classpathConfiguration") in Scope(Build: file:/C:/Users/martin.gwarada/projects/dvla-frontend-assignment/, , Project: ProjectReference(file:/C:/Users/martin.gwarada/projects/dvla-frontend-assignment/,root), Config: runtime)),true,None)
Sending msg to client play-fork-run-97095f39-5fb8-41c7-a8b0-68dc174a257e: TaskStarted(1,48,None)
Sending msg to client play-fork-run-97095f39-5fb8-41c7-a8b0-68dc174a257e: TaskFinished(1,48,None,true,None)
Sending msg to client play-fork-run-97095f39-5fb8-41c7-a8b0-68dc174a257e: TaskStarted(1,46,Some(AttributeKey[scala.collection.Seq[sbt.Attributed[java.io.File]]]("managedClasspath") in Scope(Build: file:/C:/Users/martin.gwarada/projects/dvla-frontend-assignment/, , Project: ProjectReference(file:/C:/Users/martin.gwarada/projects/dvla-frontend-assignment/,root), Config: runtime)))
Sending msg to client play-fork-run-97095f39-5fb8-41c7-a8b0-68dc174a257e: TaskFinished(1,46,Some(AttributeKey[scala.collection.Seq[sbt.Attributed[java.io.File]]]("managedClasspath") in Scope(Build: file:/C:/Users/martin.gwarada/projects/dvla-frontend-assignment/, , Project: ProjectReference(file:/C:/Users/martin.gwarada/projects/dvla-frontend-assignment/,root), Config: runtime)),true,None)
Sending msg to client play-fork-run-97095f39-5fb8-41c7-a8b0-68dc174a257e: TaskStarted(1,45,None)
Sending msg to client play-fork-run-97095f39-5fb8-41c7-a8b0-68dc174a257e: TaskFinished(1,45,None,true,None)
Sending msg to client play-fork-run-97095f39-5fb8-41c7-a8b0-68dc174a257e: TaskStarted(1,44,Some(AttributeKey[scala.collection.Seq[sbt.Attributed[java.io.File]]]("playDependencyClasspath") in Scope(Build: file:/C:/Users/martin.gwarada/projects/dvla-frontend-assignment/, , Project: ProjectReference(file:/C:/Users/martin.gwarada/projects/dvla-frontend-assignment/,root))))
Sending msg to client play-fork-run-97095f39-5fb8-41c7-a8b0-68dc174a257e: TaskFinished(1,44,Some(AttributeKey[scala.collection.Seq[sbt.Attributed[java.io.File]]]("playDependencyClasspath") in Scope(Build: file:/C:/Users/martin.gwarada/projects/dvla-frontend-assignment/, , Project: ProjectReference(file:/C:/Users/martin.gwarada/projects/dvla-frontend-assignment/,root))),true,None)
Sending msg to client play-fork-run-97095f39-5fb8-41c7-a8b0-68dc174a257e: TaskStarted(1,3,Some(AttributeKey[play.forkrun.protocol.ForkConfig]("playForkConfig") in Scope(Build: file:/C:/Users/martin.gwarada/projects/dvla-frontend-assignment/, , Project: ProjectReference(file:/C:/Users/martin.gwarada/projects/dvla-frontend-assignment/,root))))
Sending msg to client play-fork-run-97095f39-5fb8-41c7-a8b0-68dc174a257e: TaskFinished(1,3,Some(AttributeKey[play.forkrun.protocol.ForkConfig]("playForkConfig") in Scope(Build: file:/C:/Users/martin.gwarada/projects/dvla-frontend-assignment/, , Project: ProjectReference(file:/C:/Users/martin.gwarada/projects/dvla-frontend-assignment/,root))),true,None)
Sending msg to client play-fork-run-97095f39-5fb8-41c7-a8b0-68dc174a257e: ValueChanged(AttributeKey[play.forkrun.protocol.ForkConfig]("playForkConfig") in Scope(Build: file:/C:/Users/martin.gwarada/projects/dvla-frontend-assignment/, , Project: ProjectReference(file:/C:/Users/martin.gwarada/projects/dvla-frontend-assignment/,root)),TaskSuccess(BuildValue(LazyValue(ForkConfig(C:\Users\martin.gwarada\projects\dvla-frontend-assignment,List(),List(C:\Users\martin.gwarada\.ivy2\cache\org.scala-lang\scala-library\jars\scala-library-2.11.7.jar, C:\Users\martin.gwarada\Documents\training\typesafe-activator-1.3.6\activator-dist-1.3.6\repository\com.typesafe.play\twirl-api_2.11\1.1.1\jars\twirl-api_2.11.jar, C:\Users\martin.gwarada\.ivy2\cache\org.apache.commons\commons-lang3\jars\commons-lang3-3.4.jar, C:\Users\martin.gwarada\.ivy2\cache\org.scala-lang.modules\scala-xml_2.11\bundles\scala-xml_2.11-1.0.1.jar, C:\Users\martin.gwarada\.ivy2\cache\com.typesafe.play\play-server_2.11\jars\play-server_2.11-2.4.4.jar, C:\Users\martin.gwarada\.ivy2\cache\com.typesafe.play\play_2.11\jars\play_2.11-2.4.4.jar, C:\Users\martin.gwarada\.ivy2\cache\com.typesafe.play\build-link\jars\build-link-2.4.4.jar, C:\Users\martin.gwarada\.ivy2\cache\com.typesafe.play\play-exceptions\jars\play-exceptions-2.4.4.jar, C:\Users\martin.gwarada\Documents\training\typesafe-activator-1.3.6\activator-dist-1.3.6\repository\org.javassist\javassist\3.19.0-GA\bundles\javassist.jar, C:\Users\martin.gwarada\.ivy2\cache\com.typesafe.play\play-iteratees_2.11\jars\play-iteratees_2.11-2.4.4.jar, C:\Users\martin.gwarada\.ivy2\cache\org.scala-stm\scala-stm_2.11\jars\scala-stm_2.11-0.7.jar, C:\Users\martin.gwarada\Documents\training\typesafe-activator-1.3.6\activator-dist-1.3.6\repository\com.typesafe\config\1.3.0\bundles\config.jar, C:\Users\martin.gwarada\.ivy2\cache\com.typesafe.play\play-json_2.11\jars\play-json_2.11-2.4.4.jar, C:\Users\martin.gwarada\.ivy2\cache\com.typesafe.play\play-functional_2.11\jars\play-functional_2.11-2.4.4.jar, C:\Users\martin.gwarada\.ivy2\cache\com.typesafe.play\play-datacommons_2.11\jars\play-datacommons_2.11-2.4.4.jar, C:\Users\martin.gwarada\Documents\training\typesafe-activator-1.3.6\activator-dist-1.3.6\repository\joda-time\joda-time\2.8.1\jars\joda-time.jar, C:\Users\martin.gwarada\.ivy2\cache\org.joda\joda-convert\jars\joda-convert-1.7.jar, C:\Users\martin.gwarada\.ivy2\cache\org.scala-lang\scala-reflect\jars\scala-reflect-2.11.6.jar, C:\Users\martin.gwarada\Documents\training\typesafe-activator-1.3.6\activator-dist-1.3.6\repository\com.fasterxml.jackson.core\jackson-core\2.5.4\bundles\jackson-core.jar, C:\Users\martin.gwarada\Documents\training\typesafe-activator-1.3.6\activator-dist-1.3.6\repository\com.fasterxml.jackson.core\jackson-annotations\2.5.4\bundles\jackson-annotations.jar, C:\Users\martin.gwarada\Documents\training\typesafe-activator-1.3.6\activator-dist-1.3.6\repository\com.fasterxml.jackson.core\jackson-databind\2.5.4\bundles\jackson-databind.jar, C:\Users\martin.gwarada\Documents\training\typesafe-activator-1.3.6\activator-dist-1.3.6\repository\com.fasterxml.jackson.datatype\jackson-datatype-jdk8\2.5.4\bundles\jackson-datatype-jdk8.jar, C:\Users\martin.gwarada\Documents\training\typesafe-activator-1.3.6\activator-dist-1.3.6\repository\com.fasterxml.jackson.datatype\jackson-datatype-jsr310\2.5.4\bundles\jackson-datatype-jsr310.jar, C:\Users\martin.gwarada\.ivy2\cache\com.typesafe.play\play-netty-utils\jars\play-netty-utils-2.4.4.jar, C:\Users\martin.gwarada\.ivy2\cache\org.slf4j\slf4j-api\jars\slf4j-api-1.7.12.jar, C:\Users\martin.gwarada\Documents\training\typesafe-activator-1.3.6\activator-dist-1.3.6\repository\org.slf4j\jul-to-slf4j\1.7.12\jars\jul-to-slf4j.jar, C:\Users\martin.gwarada\Documents\training\typesafe-activator-1.3.6\activator-dist-1.3.6\repository\org.slf4j\jcl-over-slf4j\1.7.12\jars\jcl-over-slf4j.jar, C:\Users\martin.gwarada\.ivy2\cache\org.scala-lang.modules\scala-parser-combinators_2.11\bundles\scala-parser-combinators_2.11-1.0.1.jar, C:\Users\martin.gwarada\Documents\training\typesafe-activator-1.3.6\activator-dist-1.3.6\repository\ch.qos.logback\logback-core\1.1.3\jars\logback-core.jar, C:\Users\martin.gwarada\Documents\training\typesafe-activator-1.3.6\activator-dist-1.3.6\repository\ch.qos.logback\logback-classic\1.1.3\jars\logback-classic.jar, C:\Users\martin.gwarada\.ivy2\cache\com.typesafe.akka\akka-actor_2.11\jars\akka-actor_2.11-2.3.13.jar, C:\Users\martin.gwarada\.ivy2\cache\com.typesafe.akka\akka-slf4j_2.11\jars\akka-slf4j_2.11-2.3.13.jar, C:\Users\martin.gwarada\.ivy2\cache\commons-codec\commons-codec\jars\commons-codec-1.10.jar, C:\Users\martin.gwarada\.ivy2\cache\xerces\xercesImpl\jars\xercesImpl-2.11.0.jar, C:\Users\martin.gwarada\.ivy2\cache\xml-apis\xml-apis\jars\xml-apis-1.4.01.jar, C:\Users\martin.gwarada\.ivy2\cache\javax.transaction\jta\jars\jta-1.1.jar, C:\Users\martin.gwarada\Documents\training\typesafe-activator-1.3.6\activator-dist-1.3.6\repository\com.google.inject\guice\4.0\jars\guice.jar, C:\Users\martin.gwarada\.ivy2\cache\javax.inject\javax.inject\jars\javax.inject-1.jar, C:\Users\martin.gwarada\.ivy2\cache\aopalliance\aopalliance\jars\aopalliance-1.0.jar, C:\Users\martin.gwarada\.ivy2\cache\com.google.guava\guava\bundles\guava-16.0.1.jar, C:\Users\martin.gwarada\Documents\training\typesafe-activator-1.3.6\activator-dist-1.3.6\repository\com.google.inject.extensions\guice-assistedinject\4.0\jars\guice-assistedinject.jar, C:\Users\martin.gwarada\.ivy2\cache\com.typesafe.play\play-netty-server_2.11\jars\play-netty-server_2.11-2.4.4.jar, C:\Users\martin.gwarada\.ivy2\cache\io.netty\netty\bundles\netty-3.10.4.Final.jar, C:\Users\martin.gwarada\Documents\training\typesafe-activator-1.3.6\activator-dist-1.3.6\repository\com.typesafe.netty\netty-http-pipelining\1.1.4\jars\netty-http-pipelining.jar, C:\Users\martin.gwarada\.ivy2\cache\org.jsoup\jsoup\jars\jsoup-1.7.2.jar, C:\Users\martin.gwarada\.ivy2\cache\org.mockito\mockito-all\jars\mockito-all-1.9.5.jar),List((public/,C:\Users\martin.gwarada\projects\dvla-frontend-assignment\target\web\public\main)),List(C:\Users\martin.gwarada\.ivy2\cache\com.typesafe.play\play-omnidoc_2.11\jars\play-omnidoc_2.11-2.4.4.jar, C:\Users\martin.gwarada\.ivy2\cache\org.scala-lang\scala-library\jars\scala-library-2.11.6.jar, C:\Users\martin.gwarada\.ivy2\cache\com.typesafe.play\play-docs_2.11\jars\play-docs_2.11-2.4.4.jar, C:\Users\martin.gwarada\.ivy2\cache\com.typesafe.play\play-netty-server_2.11\jars\play-netty-server_2.11-2.4.4.jar, C:\Users\martin.gwarada\.ivy2\cache\com.typesafe.play\play-server_2.11\jars\play-server_2.11-2.4.4.jar, C:\Users\martin.gwarada\.ivy2\cache\com.typesafe.play\play_2.11\jars\play_2.11-2.4.4.jar, C:\Users\martin.gwarada\.ivy2\cache\com.typesafe.play\build-link\jars\build-link-2.4.4.jar, C:\Users\martin.gwarada\.ivy2\cache\com.typesafe.play\play-exceptions\jars\play-exceptions-2.4.4.jar, C:\Users\martin.gwarada\Documents\training\typesafe-activator-1.3.6\activator-dist-1.3.6\repository\org.javassist\javassist\3.19.0-GA\bundles\javassist.jar, C:\Users\martin.gwarada\.ivy2\cache\com.typesafe.play\play-iteratees_2.11\jars\play-iteratees_2.11-2.4.4.jar, C:\Users\martin.gwarada\.ivy2\cache\org.scala-stm\scala-stm_2.11\jars\scala-stm_2.11-0.7.jar, C:\Users\martin.gwarada\Documents\training\typesafe-activator-1.3.6\activator-dist-1.3.6\repository\com.typesafe\config\1.3.0\bundles\config.jar, C:\Users\martin.gwarada\.ivy2\cache\com.typesafe.play\play-json_2.11\jars\play-json_2.11-2.4.4.jar, C:\Users\martin.gwarada\.ivy2\cache\com.typesafe.play\play-functional_2.11\jars\play-functional_2.11-2.4.4.jar, C:\Users\martin.gwarada\.ivy2\cache\com.typesafe.play\play-datacommons_2.11\jars\play-datacommons_2.11-2.4.4.jar, C:\Users\martin.gwarada\Documents\training\typesafe-activator-1.3.6\activator-dist-1.3.6\repository\joda-time\joda-time\2.8.1\jars\joda-time.jar, C:\Users\martin.gwarada\.ivy2\cache\org.joda\joda-convert\jars\joda-convert-1.7.jar, C:\Users\martin.gwarada\.ivy2\cache\org.scala-lang\scala-reflect\jars\scala-reflect-2.11.6.jar, C:\Users\martin.gwarada\Documents\training\typesafe-activator-1.3.6\activator-dist-1.3.6\repository\com.fasterxml.jackson.core\jackson-core\2.5.4\bundles\jackson-core.jar, C:\Users\martin.gwarada\Documents\training\typesafe-activator-1.3.6\activator-dist-1.3.6\repository\com.fasterxml.jackson.core\jackson-annotations\2.5.4\bundles\jackson-annotations.jar, C:\Users\martin.gwarada\Documents\training\typesafe-activator-1.3.6\activator-dist-1.3.6\repository\com.fasterxml.jackson.core\jackson-databind\2.5.4\bundles\jackson-databind.jar, C:\Users\martin.gwarada\Documents\training\typesafe-activator-1.3.6\activator-dist-1.3.6\repository\com.fasterxml.jackson.datatype\jackson-datatype-jdk8\2.5.4\bundles\jackson-datatype-jdk8.jar, C:\Users\martin.gwarada\Documents\training\typesafe-activator-1.3.6\activator-dist-1.3.6\repository\com.fasterxml.jackson.datatype\jackson-datatype-jsr310\2.5.4\bundles\jackson-datatype-jsr310.jar, C:\Users\martin.gwarada\.ivy2\cache\com.typesafe.play\play-netty-utils\jars\play-netty-utils-2.4.4.jar, C:\Users\martin.gwarada\.ivy2\cache\org.slf4j\slf4j-api\jars\slf4j-api-1.7.12.jar, C:\Users\martin.gwarada\Documents\training\typesafe-activator-1.3.6\activator-dist-1.3.6\repository\org.slf4j\jul-to-slf4j\1.7.12\jars\jul-to-slf4j.jar, C:\Users\martin.gwarada\Documents\training\typesafe-activator-1.3.6\activator-dist-1.3.6\repository\org.slf4j\jcl-over-slf4j\1.7.12\jars\jcl-over-slf4j.jar, C:\Users\martin.gwarada\Documents\training\typesafe-activator-1.3.6\activator-dist-1.3.6\repository\com.typesafe.play\twirl-api_2.11\1.1.1\jars\twirl-api_2.11.jar, C:\Users\martin.gwarada\.ivy2\cache\org.apache.commons\commons-lang3\jars\commons-lang3-3.4.jar, C:\Users\martin.gwarada\.ivy2\cache\org.scala-lang.modules\scala-xml_2.11\bundles\scala-xml_2.11-1.0.1.jar, C:\Users\martin.gwarada\.ivy2\cache\org.scala-lang.modules\scala-parser-combinators_2.11\bundles\scala-parser-combinators_2.11-1.0.1.jar, C:\Users\martin.gwarada\Documents\training\typesafe-activator-1.3.6\activator-dist-1.3.6\repository\ch.qos.logback\logback-core\1.1.3\jars\logback-core.jar, C:\Users\martin.gwarada\Documents\training\typesafe-activator-1.3.6\activator-dist-1.3.6\repository\ch.qos.logback\logback-classic\1.1.3\jars\logback-classic.jar, C:\Users\martin.gwarada\.ivy2\cache\com.typesafe.akka\akka-actor_2.11\jars\akka-actor_2.11-2.3.13.jar, C:\Users\martin.gwarada\.ivy2\cache\com.typesafe.akka\akka-slf4j_2.11\jars\akka-slf4j_2.11-2.3.13.jar, C:\Users\martin.gwarada\.ivy2\cache\commons-codec\commons-codec\jars\commons-codec-1.10.jar, C:\Users\martin.gwarada\.ivy2\cache\xerces\xercesImpl\jars\xercesImpl-2.11.0.jar, C:\Users\martin.gwarada\.ivy2\cache\xml-apis\xml-apis\jars\xml-apis-1.4.01.jar, C:\Users\martin.gwarada\.ivy2\cache\javax.transaction\jta\jars\jta-1.1.jar, C:\Users\martin.gwarada\Documents\training\typesafe-activator-1.3.6\activator-dist-1.3.6\repository\com.google.inject\guice\4.0\jars\guice.jar, C:\Users\martin.gwarada\.ivy2\cache\javax.inject\javax.inject\jars\javax.inject-1.jar, C:\Users\martin.gwarada\.ivy2\cache\aopalliance\aopalliance\jars\aopalliance-1.0.jar, C:\Users\martin.gwarada\.ivy2\cache\com.google.guava\guava\bundles\guava-16.0.1.jar, C:\Users\martin.gwarada\Documents\training\typesafe-activator-1.3.6\activator-dist-1.3.6\repository\com.google.inject.extensions\guice-assistedinject\4.0\jars\guice-assistedinject.jar, C:\Users\martin.gwarada\.ivy2\cache\io.netty\netty\bundles\netty-3.10.4.Final.jar, C:\Users\martin.gwarada\Documents\training\typesafe-activator-1.3.6\activator-dist-1.3.6\repository\com.typesafe.netty\netty-http-pipelining\1.1.4\jars\netty-http-pipelining.jar, C:\Users\martin.gwarada\Documents\training\typesafe-activator-1.3.6\activator-dist-1.3.6\repository\com.typesafe.play\play-doc_2.11\1.2.2\jars\play-doc_2.11.jar, C:\Users\martin.gwarada\.ivy2\cache\org.pegdown\pegdown\jars\pegdown-1.4.0.jar, C:\Users\martin.gwarada\.ivy2\cache\org.parboiled\parboiled-java\bundles\parboiled-java-1.1.5.jar, C:\Users\martin.gwarada\.ivy2\cache\org.parboiled\parboiled-core\bundles\parboiled-core-1.1.5.jar, C:\Users\martin.gwarada\.ivy2\cache\org.ow2.asm\asm\jars\asm-4.1.jar, C:\Users\martin.gwarada\.ivy2\cache\org.ow2.asm\asm-tree\jars\asm-tree-4.1.jar, C:\Users\martin.gwarada\.ivy2\cache\org.ow2.asm\asm-analysis\jars\asm-analysis-4.1.jar, C:\Users\martin.gwarada\.ivy2\cache\org.ow2.asm\asm-util\jars\asm-util-4.1.jar, C:\Users\martin.gwarada\.ivy2\cache\commons-io\commons-io\jars\commons-io-2.4.jar),Some(C:\Users\martin.gwarada\.ivy2\cache\com.typesafe.play\play-omnidoc_2.11\jars\play-omnidoc_2.11-2.4.4.jar),List(),9000,0.0.0.0,DefaultWatchService,List(C:\Users\martin.gwarada\projects\dvla-frontend-assignment\public, C:\Users\martin.gwarada\projects\dvla-frontend-assignment\conf, C:\Users\martin.gwarada\projects\dvla-frontend-assignment\app),C:\Users\martin.gwarada\projects\dvla-frontend-assignment\target,500,root/playForkNotifyStart,root/playForkReload,300000,play.core.server.DevServerStart),scala.pickling.PicklerUnpickler$DelegatingPicklerUnpickler@7cdb8127),ForkConfig(C:\Users\martin.gwarada\projects\dvla-frontend-assignment,List(),List(C:\Users\martin.gwarada\.ivy2\cache\org.scala-lang\scala-library\jars\scala-library-2.11.7.jar, C:\Users\martin.gwarada\Documents\training\typesafe-activator-1.3.6\activator-dist-1.3.6\repository\com.typesafe.play\twirl-api_2.11\1.1.1\jars\twirl-api_2.11.jar, C:\Users\martin.gwarada\.ivy2\cache\org.apache.commons\commons-lang3\jars\commons-lang3-3.4.jar, C:\Users\martin.gwarada\.ivy2\cache\org.scala-lang.modules\scala-xml_2.11\bundles\scala-xml_2.11-1.0.1.jar, C:\Users\martin.gwarada\.ivy2\cache\com.typesafe.play\play-server_2.11\jars\play-server_2.11-2.4.4.jar, C:\Users\martin.gwarada\.ivy2\cache\com.typesafe.play\play_2.11\jars\play_2.11-2.4.4.jar, C:\Users\martin.gwarada\.ivy2\cache\com.typesafe.play\build-link\jars\build-link-2.4.4.jar, C:\Users\martin.gwarada\.ivy2\cache\com.typesafe.play\play-exceptions\jars\play-exceptions-2.4.4.jar, C:\Users\martin.gwarada\Documents\training\typesafe-activator-1.3.6\activator-dist-1.3.6\repository\org.javassist\javassist\3.19.0-GA\bundles\javassist.jar, C:\Users\martin.gwarada\.ivy2\cache\com.typesafe.play\play-iteratees_2.11\jars\play-iteratees_2.11-2.4.4.jar, C:\Users\martin.gwarada\.ivy2\cache\org.scala-stm\scala-stm_2.11\jars\scala-stm_2.11-0.7.jar, C:\Users\martin.gwarada\Documents\training\typesafe-activator-1.3.6\activator-dist-1.3.6\repository\com.typesafe\config\1.3.0\bundles\config.jar, C:\Users\martin.gwarada\.ivy2\cache\com.typesafe.play\play-json_2.11\jars\play-json_2.11-2.4.4.jar, C:\Users\martin.gwarada\.ivy2\cache\com.typesafe.play\play-functional_2.11\jars\play-functional_2.11-2.4.4.jar, C:\Users\martin.gwarada\.ivy2\cache\com.typesafe.play\play-datacommons_2.11\jars\play-datacommons_2.11-2.4.4.jar, C:\Users\martin.gwarada\Documents\training\typesafe-activator-1.3.6\activator-dist-1.3.6\repository\joda-time\joda-time\2.8.1\jars\joda-time.jar, C:\Users\martin.gwarada\.ivy2\cache\org.joda\joda-convert\jars\joda-convert-1.7.jar, C:\Users\martin.gwarada\.ivy2\cache\org.scala-lang\scala-reflect\jars\scala-reflect-2.11.6.jar, C:\Users\martin.gwarada\Documents\training\typesafe-activator-1.3.6\activator-dist-1.3.6\repository\com.fasterxml.jackson.core\jackson-core\2.5.4\bundles\jackson-core.jar, C:\Users\martin.gwarada\Documents\training\typesafe-activator-1.3.6\activator-dist-1.3.6\repository\com.fasterxml.jackson.core\jackson-annotations\2.5.4\bundles\jackson-annotations.jar, C:\Users\martin.gwarada\Documents\training\typesafe-activator-1.3.6\activator-dist-1.3.6\repository\com.fasterxml.jackson.core\jackson-databind\2.5.4\bundles\jackson-databind.jar, C:\Users\martin.gwarada\Documents\training\typesafe-activator-1.3.6\activator-dist-1.3.6\repository\com.fasterxml.jackson.datatype\jackson-datatype-jdk8\2.5.4\bundles\jackson-datatype-jdk8.jar, C:\Users\martin.gwarada\Documents\training\typesafe-activator-1.3.6\activator-dist-1.3.6\repository\com.fasterxml.jackson.datatype\jackson-datatype-jsr310\2.5.4\bundles\jackson-datatype-jsr310.jar, C:\Users\martin.gwarada\.ivy2\cache\com.typesafe.play\play-netty-utils\jars\play-netty-utils-2.4.4.jar, C:\Users\martin.gwarada\.ivy2\cache\org.slf4j\slf4j-api\jars\slf4j-api-1.7.12.jar, C:\Users\martin.gwarada\Documents\training\typesafe-activator-1.3.6\activator-dist-1.3.6\repository\org.slf4j\jul-to-slf4j\1.7.12\jars\jul-to-slf4j.jar, C:\Users\martin.gwarada\Documents\training\typesafe-activator-1.3.6\activator-dist-1.3.6\repository\org.slf4j\jcl-over-slf4j\1.7.12\jars\jcl-over-slf4j.jar, C:\Users\martin.gwarada\.ivy2\cache\org.scala-lang.modules\scala-parser-combinators_2.11\bundles\scala-parser-combinators_2.11-1.0.1.jar, C:\Users\martin.gwarada\Documents\training\typesafe-activator-1.3.6\activator-dist-1.3.6\repository\ch.qos.logback\logback-core\1.1.3\jars\logback-core.jar, C:\Users\martin.gwarada\Documents\training\typesafe-activator-1.3.6\activator-dist-1.3.6\repository\ch.qos.logback\logback-classic\1.1.3\jars\logback-classic.jar, C:\Users\martin.gwarada\.ivy2\cache\com.typesafe.akka\akka-actor_2.11\jars\akka-actor_2.11-2.3.13.jar, C:\Users\martin.gwarada\.ivy2\cache\com.typesafe.akka\akka-slf4j_2.11\jars\akka-slf4j_2.11-2.3.13.jar, C:\Users\martin.gwarada\.ivy2\cache\commons-codec\commons-codec\jars\commons-codec-1.10.jar, C:\Users\martin.gwarada\.ivy2\cache\xerces\xercesImpl\jars\xercesImpl-2.11.0.jar, C:\Users\martin.gwarada\.ivy2\cache\xml-apis\xml-apis\jars\xml-apis-1.4.01.jar, C:\Users\martin.gwarada\.ivy2\cache\javax.transaction\jta\jars\jta-1.1.jar, C:\Users\martin.gwarada\Documents\training\typesafe-activator-1.3.6\activator-dist-1.3.6\repository\com.google.inject\guice\4.0\jars\guice.jar, C:\Users\martin.gwarada\.ivy2\cache\javax.inject\javax.inject\jars\javax.inject-1.jar, C:\Users\martin.gwarada\.ivy2\cache\aopalliance\aopalliance\jars\aopalliance-1.0.jar, C:\Users\martin.gwarada\.ivy2\cache\com.google.guava\guava\bundles\guava-16.0.1.jar, C:\Users\martin.gwarada\Documents\training\typesafe-activator-1.3.6\activator-dist-1.3.6\repository\com.google.inject.extensions\guice-assistedinject\4.0\jars\guice-assistedinject.jar, C:\Users\martin.gwarada\.ivy2\cache\com.typesafe.play\play-netty-server_2.11\jars\play-netty-server_2.11-2.4.4.jar, C:\Users\martin.gwarada\.ivy2\cache\io.netty\netty\bundles\netty-3.10.4.Final.jar, C:\Users\martin.gwarada\Documents\training\typesafe-activator-1.3.6\activator-dist-1.3.6\repository\com.typesafe.netty\netty-http-pipelining\1.1.4\jars\netty-http-pipelining.jar, C:\Users\martin.gwarada\.ivy2\cache\org.jsoup\jsoup\jars\jsoup-1.7.2.jar, C:\Users\martin.gwarada\.ivy2\cache\org.mockito\mockito-all\jars\mockito-all-1.9.5.jar),List((public/,C:\Users\martin.gwarada\projects\dvla-frontend-assignment\target\web\public\main)),List(C:\Users\martin.gwarada\.ivy2\cache\com.typesafe.play\play-omnidoc_2.11\jars\play-omnidoc_2.11-2.4.4.jar, C:\Users\martin.gwarada\.ivy2\cache\org.scala-lang\scala-library\jars\scala-library-2.11.6.jar, C:\Users\martin.gwarada\.ivy2\cache\com.typesafe.play\play-docs_2.11\jars\play-docs_2.11-2.4.4.jar, C:\Users\martin.gwarada\.ivy2\cache\com.typesafe.play\play-netty-server_2.11\jars\play-netty-server_2.11-2.4.4.jar, C:\Users\martin.gwarada\.ivy2\cache\com.typesafe.play\play-server_2.11\jars\play-server_2.11-2.4.4.jar, C:\Users\martin.gwarada\.ivy2\cache\com.typesafe.play\play_2.11\jars\play_2.11-2.4.4.jar, C:\Users\martin.gwarada\.ivy2\cache\com.typesafe.play\build-link\jars\build-link-2.4.4.jar, C:\Users\martin.gwarada\.ivy2\cache\com.typesafe.play\play-exceptions\jars\play-exceptions-2.4.4.jar, C:\Users\martin.gwarada\Documents\training\typesafe-activator-1.3.6\activator-dist-1.3.6\repository\org.javassist\javassist\3.19.0-GA\bundles\javassist.jar, C:\Users\martin.gwarada\.ivy2\cache\com.typesafe.play\play-iteratees_2.11\jars\play-iteratees_2.11-2.4.4.jar, C:\Users\martin.gwarada\.ivy2\cache\org.scala-stm\scala-stm_2.11\jars\scala-stm_2.11-0.7.jar, C:\Users\martin.gwarada\Documents\training\typesafe-activator-1.3.6\activator-dist-1.3.6\repository\com.typesafe\config\1.3.0\bundles\config.jar, C:\Users\martin.gwarada\.ivy2\cache\com.typesafe.play\play-json_2.11\jars\play-json_2.11-2.4.4.jar, C:\Users\martin.gwarada\.ivy2\cache\com.typesafe.play\play-functional_2.11\jars\play-functional_2.11-2.4.4.jar, C:\Users\martin.gwarada\.ivy2\cache\com.typesafe.play\play-datacommons_2.11\jars\play-datacommons_2.11-2.4.4.jar, C:\Users\martin.gwarada\Documents\training\typesafe-activator-1.3.6\activator-dist-1.3.6\repository\joda-time\joda-time\2.8.1\jars\joda-time.jar, C:\Users\martin.gwarada\.ivy2\cache\org.joda\joda-convert\jars\joda-convert-1.7.jar, C:\Users\martin.gwarada\.ivy2\cache\org.scala-lang\scala-reflect\jars\scala-reflect-2.11.6.jar, C:\Users\martin.gwarada\Documents\training\typesafe-activator-1.3.6\activator-dist-1.3.6\repository\com.fasterxml.jackson.core\jackson-core\2.5.4\bundles\jackson-core.jar, C:\Users\martin.gwarada\Documents\training\typesafe-activator-1.3.6\activator-dist-1.3.6\repository\com.fasterxml.jackson.core\jackson-annotations\2.5.4\bundles\jackson-annotations.jar, C:\Users\martin.gwarada\Documents\training\typesafe-activator-1.3.6\activator-dist-1.3.6\repository\com.fasterxml.jackson.core\jackson-databind\2.5.4\bundles\jackson-databind.jar, C:\Users\martin.gwarada\Documents\training\typesafe-activator-1.3.6\activator-dist-1.3.6\repository\com.fasterxml.jackson.datatype\jackson-datatype-jdk8\2.5.4\bundles\jackson-datatype-jdk8.jar, C:\Users\martin.gwarada\Documents\training\typesafe-activator-1.3.6\activator-dist-1.3.6\repository\com.fasterxml.jackson.datatype\jackson-datatype-jsr310\2.5.4\bundles\jackson-datatype-jsr310.jar, C:\Users\martin.gwarada\.ivy2\cache\com.typesafe.play\play-netty-utils\jars\play-netty-utils-2.4.4.jar, C:\Users\martin.gwarada\.ivy2\cache\org.slf4j\slf4j-api\jars\slf4j-api-1.7.12.jar, C:\Users\martin.gwarada\Documents\training\typesafe-activator-1.3.6\activator-dist-1.3.6\repository\org.slf4j\jul-to-slf4j\1.7.12\jars\jul-to-slf4j.jar, C:\Users\martin.gwarada\Documents\training\typesafe-activator-1.3.6\activator-dist-1.3.6\repository\org.slf4j\jcl-over-slf4j\1.7.12\jars\jcl-over-slf4j.jar, C:\Users\martin.gwarada\Documents\training\typesafe-activator-1.3.6\activator-dist-1.3.6\repository\com.typesafe.play\twirl-api_2.11\1.1.1\jars\twirl-api_2.11.jar, C:\Users\martin.gwarada\.ivy2\cache\org.apache.commons\commons-lang3\jars\commons-lang3-3.4.jar, C:\Users\martin.gwarada\.ivy2\cache\org.scala-lang.modules\scala-xml_2.11\bundles\scala-xml_2.11-1.0.1.jar, C:\Users\martin.gwarada\.ivy2\cache\org.scala-lang.modules\scala-parser-combinators_2.11\bundles\scala-parser-combinators_2.11-1.0.1.jar, C:\Users\martin.gwarada\Documents\training\typesafe-activator-1.3.6\activator-dist-1.3.6\repository\ch.qos.logback\logback-core\1.1.3\jars\logback-core.jar, C:\Users\martin.gwarada\Documents\training\typesafe-activator-1.3.6\activator-dist-1.3.6\repository\ch.qos.logback\logback-classic\1.1.3\jars\logback-classic.jar, C:\Users\martin.gwarada\.ivy2\cache\com.typesafe.akka\akka-actor_2.11\jars\akka-actor_2.11-2.3.13.jar, C:\Users\martin.gwarada\.ivy2\cache\com.typesafe.akka\akka-slf4j_2.11\jars\akka-slf4j_2.11-2.3.13.jar, C:\Users\martin.gwarada\.ivy2\cache\commons-codec\commons-codec\jars\commons-codec-1.10.jar, C:\Users\martin.gwarada\.ivy2\cache\xerces\xercesImpl\jars\xercesImpl-2.11.0.jar, C:\Users\martin.gwarada\.ivy2\cache\xml-apis\xml-apis\jars\xml-apis-1.4.01.jar, C:\Users\martin.gwarada\.ivy2\cache\javax.transaction\jta\jars\jta-1.1.jar, C:\Users\martin.gwarada\Documents\training\typesafe-activator-1.3.6\activator-dist-1.3.6\repository\com.google.inject\guice\4.0\jars\guice.jar, C:\Users\martin.gwarada\.ivy2\cache\javax.inject\javax.inject\jars\javax.inject-1.jar, C:\Users\martin.gwarada\.ivy2\cache\aopalliance\aopalliance\jars\aopalliance-1.0.jar, C:\Users\martin.gwarada\.ivy2\cache\com.google.guava\guava\bundles\guava-16.0.1.jar, C:\Users\martin.gwarada\Documents\training\typesafe-activator-1.3.6\activator-dist-1.3.6\repository\com.google.inject.extensions\guice-assistedinject\4.0\jars\guice-assistedinject.jar, C:\Users\martin.gwarada\.ivy2\cache\io.netty\netty\bundles\netty-3.10.4.Final.jar, C:\Users\martin.gwarada\Documents\training\typesafe-activator-1.3.6\activator-dist-1.3.6\repository\com.typesafe.netty\netty-http-pipelining\1.1.4\jars\netty-http-pipelining.jar, C:\Users\martin.gwarada\Documents\training\typesafe-activator-1.3.6\activator-dist-1.3.6\repository\com.typesafe.play\play-doc_2.11\1.2.2\jars\play-doc_2.11.jar, C:\Users\martin.gwarada\.ivy2\cache\org.pegdown\pegdown\jars\pegdown-1.4.0.jar, C:\Users\martin.gwarada\.ivy2\cache\org.parboiled\parboiled-java\bundles\parboiled-java-1.1.5.jar, C:\Users\martin.gwarada\.ivy2\cache\org.parboiled\parboiled-core\bundles\parboiled-core-1.1.5.jar, C:\Users\martin.gwarada\.ivy2\cache\org.ow2.asm\asm\jars\asm-4.1.jar, C:\Users\martin.gwarada\.ivy2\cache\org.ow2.asm\asm-tree\jars\asm-tree-4.1.jar, C:\Users\martin.gwarada\.ivy2\cache\org.ow2.asm\asm-analysis\jars\asm-analysis-4.1.jar, C:\Users\martin.gwarada\.ivy2\cache\org.ow2.asm\asm-util\jars\asm-util-4.1.jar, C:\Users\martin.gwarada\.ivy2\cache\commons-io\commons-io\jars\commons-io-2.4.jar),Some(C:\Users\martin.gwarada\.ivy2\cache\com.typesafe.play\play-omnidoc_2.11\jars\play-omnidoc_2.11-2.4.4.jar),List(),9000,0.0.0.0,DefaultWatchService,List(C:\Users\martin.gwarada\projects\dvla-frontend-assignment\public, C:\Users\martin.gwarada\projects\dvla-frontend-assignment\conf, C:\Users\martin.gwarada\projects\dvla-frontend-assignment\app),C:\Users\martin.gwarada\projects\dvla-frontend-assignment\target,500,root/playForkNotifyStart,root/playForkReload,300000,play.core.server.DevServerStart))))
Sending msg to client play-fork-run-97095f39-5fb8-41c7-a8b0-68dc174a257e: TaskStarted(1,2,None)
Sending msg to client play-fork-run-97095f39-5fb8-41c7-a8b0-68dc174a257e: TaskFinished(1,2,None,true,None)
Sending msg to client play-fork-run-97095f39-5fb8-41c7-a8b0-68dc174a257e: TaskStarted(1,1,None)
Sending msg to client play-fork-run-97095f39-5fb8-41c7-a8b0-68dc174a257e: TaskFinished(1,1,None,true,None)
Sending msg to client play-fork-run-97095f39-5fb8-41c7-a8b0-68dc174a257e: DetachedLogEvent(LogMessage(debug,cancel strategy finish enabled=false lastCommand=Some(LastCommand(CommandExecutionWork(ExecutionId(1),{file:/C:/Users/martin.gwarada/projects/dvla-frontend-assignment/}root/*:playForkConfig,Set(LiveClient(play-fork-run 97095f39-5fb8-41c7-a8b0-68dc174a257e)),sbt.server.WorkCancellationStatus$$anon$1@1e690d46)))))
Sending msg to client play-fork-run-97095f39-5fb8-41c7-a8b0-68dc174a257e: DetachedLogEvent(LogSuccess(Total time: 0 s, completed 25-Nov-2015 12:36:44))
Sending msg to client play-fork-run-97095f39-5fb8-41c7-a8b0-68dc174a257e: DetachedLogEvent(LogMessage(debug,> server-post-command-cleanup))
Sending msg to client play-fork-run-97095f39-5fb8-41c7-a8b0-68dc174a257e: ExecutionSuccess(1)
Sending msg to client play-fork-run-97095f39-5fb8-41c7-a8b0-68dc174a257e: DetachedLogEvent(LogMessage(debug,> server-handle-next-server-request))
Got request: UnlistenToEvents()
Reading next message from client.
Sending msg to client play-fork-run-97095f39-5fb8-41c7-a8b0-68dc174a257e: (8,ReceivedResponse())
Got request: UnlistenToValue(AttributeKey[play.forkrun.protocol.ForkConfig]("playForkConfig") in Scope(Build: file:/C:/Users/martin.gwarada/projects/dvla-frontend-assignment/, , Project: ProjectReference(file:/C:/Users/martin.gwarada/projects/dvla-frontend-assignment/,root)))
Reading next message from client.
Client play-fork-run-97095f39-5fb8-41c7-a8b0-68dc174a257e EOF, shutting down.
Stopping client.
Dropping message (9,ReceivedResponse()) to dead client play-fork-run-97095f39-5fb8-41c7-a8b0-68dc174a257e
Dropping message (0,ReceivedResponse()) to dead client play-fork-run-97095f39-5fb8-41c7-a8b0-68dc174a257e
Client play-fork-run-97095f39-5fb8-41c7-a8b0-68dc174a257e thread exiting.
