New log file opened at Wed Nov 25 09:17:29 GMT 2015 by 10756@MW77S9GATZQ88N
jvm 10756@MW77S9GATZQ88N
jvm vmName=Java HotSpot(TM) 64-Bit Server VM vmVendor=Oracle Corporation vmVersion=25.45-b02
jvm specName=Java Virtual Machine Specification specVendor=Oracle Corporation specVersion=1.8
jvm arguments: [-Xms256m, -Xmx1024m, -XX:MetaspaceSize=64m, -XX:MaxMetaspaceSize=256m]
Starting event engine
Starting sbt command engine
Waiting for sbt command engine
Command engine arguments=List()
Command engine baseDirectory=C:\Users\martin.gwarada\projects\dvla-frontend-assignment
Command engine initial remaining commands List(--initialize, onFailure load-failed, boot, server-send-ready-for-request, server-handle-next-server-request)
> --initialize
> initialize
> onFailure load-failed
> boot
> reload
[Loading] Scanning directory C:\Users\martin.gwarada\projects\dvla-frontend-assignment\project
[Loading] Found non-root projects 
[Loading] Done in C:\Users\martin.gwarada\projects\dvla-frontend-assignment\project, returning: ()
deducing auto plugins based on known facts Set(Atom(sbt.plugins.CorePlugin)) and clauses Clauses(List(Clause(Atom(sbt.plugins.JvmPlugin),Set(Atom(sbt.plugins.IvyPlugin))), Clause(Atom(sbt.plugins.JUnitXmlReportPlugin),Set(Atom(sbt.plugins.JvmPlugin))), Clause(Atom(sbt.plugins.CorePlugin),Set(Atom(sbt.plugins.IvyPlugin))), Clause(Atom(sbt.plugins.IvyPlugin),Set(Atom(sbt.plugins.JvmPlugin))), Clause(Atom(sbt.plugins.JvmPlugin),Set(Atom(sbt.plugins.JUnitXmlReportPlugin)))))
  :: deduced result: Matched(sbt.plugins.CorePlugin,sbt.plugins.IvyPlugin,sbt.plugins.JvmPlugin,sbt.plugins.JUnitXmlReportPlugin)
sorting: ns: List(sbt.plugins.CorePlugin, sbt.plugins.IvyPlugin, sbt.plugins.JvmPlugin, sbt.plugins.JUnitXmlReportPlugin)
  :: sorting:: found: List(sbt.plugins.CorePlugin) not found List(sbt.plugins.IvyPlugin, sbt.plugins.JvmPlugin, sbt.plugins.JUnitXmlReportPlugin)
  :: sorting:: found: List(sbt.plugins.CorePlugin, sbt.plugins.IvyPlugin) not found List(sbt.plugins.JvmPlugin, sbt.plugins.JUnitXmlReportPlugin)
  :: sorting:: found: List(sbt.plugins.CorePlugin, sbt.plugins.IvyPlugin, sbt.plugins.JvmPlugin) not found List(sbt.plugins.JUnitXmlReportPlugin)
  :: sorting:: found: List(sbt.plugins.CorePlugin, sbt.plugins.IvyPlugin, sbt.plugins.JvmPlugin, sbt.plugins.JUnitXmlReportPlugin) not found List()
  :: sorted deduced result: List(sbt.plugins.CorePlugin, sbt.plugins.IvyPlugin, sbt.plugins.JvmPlugin, sbt.plugins.JUnitXmlReportPlugin)
[Loading] Done in C:\Users\martin.gwarada\projects\dvla-frontend-assignment\project, returning: (dvla-frontend-assignment-build)
Loading project definition from C:\Users\martin.gwarada\projects\dvla-frontend-assignment\project
Running task... Cancel: sbt.TaskCancellationStrategy$Null$@5e6ca5a3, check cycles: false

Initial source changes: 
	removed:Set()
	added: Set()
	modified: Set()
Removed products: Set()
External API changes: API Changes: Set()
Modified binary dependencies: Set()
Initial directly invalidated sources: Set()

Sources indirectly invalidated by:
	product: Set()
	binary dep: Set()
	external source: Set()
All initially invalidated sources: Set()

Copy resource mappings: 
	
[Loading] Scanning directory C:\Users\martin.gwarada\projects\dvla-frontend-assignment
[Loading] Found root project root w/ remaining 
deducing auto plugins based on known facts Set(Atom(play.sbt.PlayScala), Atom(sbt.plugins.CorePlugin)) and clauses Clauses(List(Clause(Atom(sbt.plugins.JvmPlugin),Set(Atom(sbt.plugins.IvyPlugin))), Clause(Atom(sbt.plugins.JUnitXmlReportPlugin),Set(Atom(sbt.plugins.JvmPlugin))), Clause(Atom(play.sbt.forkrun.PlayForkRun),Set(Atom(sbt.plugins.BackgroundRunPlugin))), Clause(Atom(play.sbt.forkrun.PlayForkRun),Set(Atom(play.sbt.Play))), Clause(Atom(play.sbt.forkrun.PlayForkRun),Set(Atom(sbt.plugins.SerializersPlugin))), Clause(Atom(play.sbt.Play),Set(Atom(com.typesafe.sbt.packager.archetypes.JavaServerAppPackaging))), Clause(Atom(play.sbt.Play),Set(Atom(play.sbt.routes.RoutesCompiler))), Clause(Atom(play.sbt.Play),Set(Atom(play.twirl.sbt.SbtTwirl))), Clause(Atom(play.sbt.Play),Set(Atom(com.typesafe.sbt.jse.SbtJsTask))), Clause(Atom(play.sbt.PlayAkkaHttpServer),Set(Atom(play.sbt.Play))), Clause(Atom(play.sbt.PlayJava),Set(Atom(play.sbt.Play))), Clause(Atom(play.sbt.PlayLayoutPlugin),Set(Atom(play.sbt.Play))), Clause(Atom(play.sbt.PlayNettyServer),Set(Atom(play.sbt.Play))), Clause(Atom(play.sbt.PlayScala),Set(Atom(play.sbt.Play))), Clause(Atom(play.sbt.routes.RoutesCompiler),Set(Atom(sbt.plugins.JvmPlugin))), Clause(Atom(play.twirl.sbt.SbtTwirl),Set(Atom(sbt.plugins.JvmPlugin))), Clause(Atom(com.typesafe.sbt.packager.archetypes.AkkaAppPackaging),Set(Atom(com.typesafe.sbt.packager.archetypes.JavaAppPackaging))), Clause(Atom(com.typesafe.sbt.packager.archetypes.JavaAppPackaging),Set(Atom(com.typesafe.sbt.packager.windows.WindowsPlugin))), Clause(Atom(com.typesafe.sbt.packager.archetypes.JavaAppPackaging),Set(Atom(com.typesafe.sbt.packager.docker.DockerPlugin))), Clause(Atom(com.typesafe.sbt.packager.archetypes.JavaAppPackaging),Set(Atom(com.typesafe.sbt.packager.debian.DebianPlugin))), Clause(Atom(com.typesafe.sbt.packager.archetypes.JavaAppPackaging),Set(Atom(com.typesafe.sbt.packager.rpm.RpmPlugin))), Clause(Atom(com.typesafe.sbt.packager.archetypes.JavaServerAppPackaging),Set(Atom(com.typesafe.sbt.packager.archetypes.JavaAppPackaging))), Clause(Atom(com.typesafe.sbt.packager.archetypes.jar.ClasspathJarPlugin),Set(Atom(com.typesafe.sbt.packager.archetypes.JavaAppPackaging))), Clause(Atom(com.typesafe.sbt.packager.archetypes.jar.LauncherJarPlugin),Set(Atom(com.typesafe.sbt.packager.archetypes.JavaAppPackaging))), Clause(Atom(com.typesafe.sbt.packager.debian.DebianDeployPlugin),Set(Atom(com.typesafe.sbt.packager.debian.DebianPlugin))), Clause(Atom(com.typesafe.sbt.packager.debian.DebianPlugin),Set(Atom(com.typesafe.sbt.packager.linux.LinuxPlugin))), Clause(Atom(com.typesafe.sbt.packager.debian.JDebPackaging),Set(Atom(com.typesafe.sbt.packager.debian.DebianPlugin))), Clause(Atom(com.typesafe.sbt.packager.docker.DockerPlugin),Set(Atom(com.typesafe.sbt.packager.universal.UniversalPlugin))), Clause(Atom(com.typesafe.sbt.packager.jdkpackager.JDKPackagerDeployPlugin),Set(Atom(com.typesafe.sbt.packager.jdkpackager.JDKPackagerPlugin))), Clause(Atom(com.typesafe.sbt.packager.jdkpackager.JDKPackagerPlugin),Set(Atom(com.typesafe.sbt.packager.archetypes.JavaAppPackaging))), Clause(Atom(com.typesafe.sbt.packager.jdkpackager.JDKPackagerPlugin),Set(Atom(com.typesafe.sbt.packager.archetypes.jar.ClasspathJarPlugin))), Clause(Atom(com.typesafe.sbt.packager.linux.LinuxPlugin),Set(Atom(com.typesafe.sbt.packager.universal.UniversalPlugin))), Clause(Atom(com.typesafe.sbt.packager.rpm.RpmDeployPlugin),Set(Atom(com.typesafe.sbt.packager.rpm.RpmPlugin))), Clause(Atom(com.typesafe.sbt.packager.rpm.RpmPlugin),Set(Atom(com.typesafe.sbt.packager.linux.LinuxPlugin))), Clause(Atom(com.typesafe.sbt.packager.universal.UniversalDeployPlugin),Set(Atom(com.typesafe.sbt.packager.universal.UniversalPlugin))), Clause(Atom(com.typesafe.sbt.packager.universal.UniversalPlugin),Set(Atom(com.typesafe.sbt.SbtNativePackager))), Clause(Atom(com.typesafe.sbt.packager.windows.WindowsDeployPlugin),Set(Atom(com.typesafe.sbt.packager.windows.WindowsPlugin))), Clause(Atom(com.typesafe.sbt.packager.windows.WindowsPlugin),Set(Atom(com.typesafe.sbt.packager.universal.UniversalPlugin))), Clause(Atom(com.typesafe.sbt.web.SbtWeb),Set(Atom(sbt.plugins.JvmPlugin))), Clause(Atom(com.typesafe.sbt.jse.SbtJsEngine),Set(Atom(com.typesafe.sbt.web.SbtWeb))), Clause(Atom(com.typesafe.sbt.jse.SbtJsTask),Set(Atom(com.typesafe.sbt.jse.SbtJsEngine))), Clause(Atom(sbt.plugins.BackgroundRunPlugin),Set(Atom(sbt.plugins.JvmPlugin))), Clause(Atom(com.typesafe.sbt.coffeescript.SbtCoffeeScript),Set(Atom(com.typesafe.sbt.jse.SbtJsTask))), Clause(Atom(com.typesafe.sbt.less.SbtLess),Set(Atom(com.typesafe.sbt.jse.SbtJsTask))), Clause(Atom(com.typesafe.sbt.jshint.SbtJSHint),Set(Atom(com.typesafe.sbt.jse.SbtJsTask))), Clause(Atom(com.typesafe.sbt.rjs.SbtRjs),Set(Atom(com.typesafe.sbt.jse.SbtJsTask))), Clause(Atom(com.typesafe.sbt.digest.SbtDigest),Set(Atom(com.typesafe.sbt.web.SbtWeb))), Clause(Atom(com.typesafe.sbt.mocha.SbtMocha),Set(Atom(com.typesafe.sbt.jse.SbtJsTask))), Clause(Atom(sbt.plugins.CorePlugin),Set(Atom(sbt.plugins.IvyPlugin))), Clause(Atom(sbt.plugins.IvyPlugin),Set(Atom(sbt.plugins.JvmPlugin))), Clause(Atom(sbt.plugins.JvmPlugin),Set(Atom(sbt.plugins.JUnitXmlReportPlugin))), Clause(And(Set(Atom(sbt.plugins.BackgroundRunPlugin), Atom(play.sbt.Play), Atom(sbt.plugins.SerializersPlugin))),Set(Atom(play.sbt.forkrun.PlayForkRun))), Clause(Atom(play.sbt.Play),Set(Atom(play.sbt.PlayLayoutPlugin))), Clause(Atom(play.sbt.Play),Set(Atom(play.sbt.PlayNettyServer))), Clause(Atom(com.typesafe.sbt.web.SbtWeb),Set(Atom(com.typesafe.sbt.jse.SbtJsEngine))), Clause(Atom(com.typesafe.sbt.jse.SbtJsEngine),Set(Atom(com.typesafe.sbt.jse.SbtJsTask))), Clause(Atom(sbt.plugins.JvmPlugin),Set(Atom(sbt.plugins.BackgroundRunPlugin))), Clause(Atom(sbt.plugins.CorePlugin),Set(Atom(sbt.plugins.InteractionServicePlugin))), Clause(Atom(sbt.plugins.CorePlugin),Set(Atom(sbt.plugins.SendEventServicePlugin))), Clause(Atom(sbt.plugins.CorePlugin),Set(Atom(sbt.plugins.SerializersPlugin))), Clause(Atom(com.typesafe.sbt.jse.SbtJsTask),Set(Atom(com.typesafe.sbt.coffeescript.SbtCoffeeScript))), Clause(Atom(com.typesafe.sbt.jse.SbtJsTask),Set(Atom(com.typesafe.sbt.less.SbtLess))), Clause(Atom(com.typesafe.sbt.jse.SbtJsTask),Set(Atom(com.typesafe.sbt.jshint.SbtJSHint))), Clause(Atom(com.typesafe.sbt.jse.SbtJsTask),Set(Atom(com.typesafe.sbt.rjs.SbtRjs))), Clause(Atom(com.typesafe.sbt.web.SbtWeb),Set(Atom(com.typesafe.sbt.digest.SbtDigest))), Clause(Atom(com.typesafe.sbt.jse.SbtJsTask),Set(Atom(com.typesafe.sbt.mocha.SbtMocha)))))
  :: deduced result: Matched(sbt.plugins.CorePlugin,play.sbt.PlayScala,sbt.plugins.InteractionServicePlugin,sbt.plugins.SendEventServicePlugin,play.sbt.Play,sbt.plugins.SerializersPlugin,sbt.plugins.IvyPlugin,com.typesafe.sbt.packager.archetypes.JavaServerAppPackaging,play.twirl.sbt.SbtTwirl,sbt.plugins.JvmPlugin,play.sbt.PlayNettyServer,play.sbt.PlayLayoutPlugin,play.sbt.routes.RoutesCompiler,com.typesafe.sbt.jse.SbtJsTask,com.typesafe.sbt.jshint.SbtJSHint,com.typesafe.sbt.packager.archetypes.JavaAppPackaging,sbt.plugins.JUnitXmlReportPlugin,com.typesafe.sbt.mocha.SbtMocha,com.typesafe.sbt.less.SbtLess,com.typesafe.sbt.rjs.SbtRjs,com.typesafe.sbt.jse.SbtJsEngine,com.typesafe.sbt.coffeescript.SbtCoffeeScript,sbt.plugins.BackgroundRunPlugin,com.typesafe.sbt.packager.rpm.RpmPlugin,com.typesafe.sbt.packager.windows.WindowsPlugin,com.typesafe.sbt.web.SbtWeb,com.typesafe.sbt.packager.docker.DockerPlugin,play.sbt.forkrun.PlayForkRun,com.typesafe.sbt.packager.debian.DebianPlugin,com.typesafe.sbt.digest.SbtDigest,com.typesafe.sbt.packager.universal.UniversalPlugin,com.typesafe.sbt.packager.linux.LinuxPlugin,com.typesafe.sbt.SbtNativePackager)
sorting: ns: List(sbt.plugins.CorePlugin, play.sbt.PlayScala, sbt.plugins.InteractionServicePlugin, sbt.plugins.SendEventServicePlugin, play.sbt.Play, sbt.plugins.SerializersPlugin, sbt.plugins.IvyPlugin, com.typesafe.sbt.packager.archetypes.JavaServerAppPackaging, play.twirl.sbt.SbtTwirl, sbt.plugins.JvmPlugin, play.sbt.PlayNettyServer, play.sbt.PlayLayoutPlugin, play.sbt.routes.RoutesCompiler, com.typesafe.sbt.jse.SbtJsTask, com.typesafe.sbt.jshint.SbtJSHint, com.typesafe.sbt.packager.archetypes.JavaAppPackaging, sbt.plugins.JUnitXmlReportPlugin, com.typesafe.sbt.mocha.SbtMocha, com.typesafe.sbt.less.SbtLess, com.typesafe.sbt.rjs.SbtRjs, com.typesafe.sbt.jse.SbtJsEngine, com.typesafe.sbt.coffeescript.SbtCoffeeScript, sbt.plugins.BackgroundRunPlugin, com.typesafe.sbt.packager.rpm.RpmPlugin, com.typesafe.sbt.packager.windows.WindowsPlugin, com.typesafe.sbt.web.SbtWeb, com.typesafe.sbt.packager.docker.DockerPlugin, play.sbt.forkrun.PlayForkRun, com.typesafe.sbt.packager.debian.DebianPlugin, com.typesafe.sbt.digest.SbtDigest, com.typesafe.sbt.packager.universal.UniversalPlugin, com.typesafe.sbt.packager.linux.LinuxPlugin, com.typesafe.sbt.SbtNativePackager)
  :: sorting:: found: List(sbt.plugins.CorePlugin, com.typesafe.sbt.SbtNativePackager) not found List(play.sbt.PlayScala, sbt.plugins.InteractionServicePlugin, sbt.plugins.SendEventServicePlugin, play.sbt.Play, sbt.plugins.SerializersPlugin, sbt.plugins.IvyPlugin, com.typesafe.sbt.packager.archetypes.JavaServerAppPackaging, play.twirl.sbt.SbtTwirl, sbt.plugins.JvmPlugin, play.sbt.PlayNettyServer, play.sbt.PlayLayoutPlugin, play.sbt.routes.RoutesCompiler, com.typesafe.sbt.jse.SbtJsTask, com.typesafe.sbt.jshint.SbtJSHint, com.typesafe.sbt.packager.archetypes.JavaAppPackaging, sbt.plugins.JUnitXmlReportPlugin, com.typesafe.sbt.mocha.SbtMocha, com.typesafe.sbt.less.SbtLess, com.typesafe.sbt.rjs.SbtRjs, com.typesafe.sbt.jse.SbtJsEngine, com.typesafe.sbt.coffeescript.SbtCoffeeScript, sbt.plugins.BackgroundRunPlugin, com.typesafe.sbt.packager.rpm.RpmPlugin, com.typesafe.sbt.packager.windows.WindowsPlugin, com.typesafe.sbt.web.SbtWeb, com.typesafe.sbt.packager.docker.DockerPlugin, play.sbt.forkrun.PlayForkRun, com.typesafe.sbt.packager.debian.DebianPlugin, com.typesafe.sbt.digest.SbtDigest, com.typesafe.sbt.packager.universal.UniversalPlugin, com.typesafe.sbt.packager.linux.LinuxPlugin)
  :: sorting:: found: List(sbt.plugins.CorePlugin, com.typesafe.sbt.SbtNativePackager, sbt.plugins.InteractionServicePlugin, sbt.plugins.SendEventServicePlugin, sbt.plugins.SerializersPlugin, sbt.plugins.IvyPlugin, com.typesafe.sbt.packager.universal.UniversalPlugin) not found List(play.sbt.PlayScala, play.sbt.Play, com.typesafe.sbt.packager.archetypes.JavaServerAppPackaging, play.twirl.sbt.SbtTwirl, sbt.plugins.JvmPlugin, play.sbt.PlayNettyServer, play.sbt.PlayLayoutPlugin, play.sbt.routes.RoutesCompiler, com.typesafe.sbt.jse.SbtJsTask, com.typesafe.sbt.jshint.SbtJSHint, com.typesafe.sbt.packager.archetypes.JavaAppPackaging, sbt.plugins.JUnitXmlReportPlugin, com.typesafe.sbt.mocha.SbtMocha, com.typesafe.sbt.less.SbtLess, com.typesafe.sbt.rjs.SbtRjs, com.typesafe.sbt.jse.SbtJsEngine, com.typesafe.sbt.coffeescript.SbtCoffeeScript, sbt.plugins.BackgroundRunPlugin, com.typesafe.sbt.packager.rpm.RpmPlugin, com.typesafe.sbt.packager.windows.WindowsPlugin, com.typesafe.sbt.web.SbtWeb, com.typesafe.sbt.packager.docker.DockerPlugin, play.sbt.forkrun.PlayForkRun, com.typesafe.sbt.packager.debian.DebianPlugin, com.typesafe.sbt.digest.SbtDigest, com.typesafe.sbt.packager.linux.LinuxPlugin)
  :: sorting:: found: List(sbt.plugins.CorePlugin, com.typesafe.sbt.SbtNativePackager, sbt.plugins.InteractionServicePlugin, sbt.plugins.SendEventServicePlugin, sbt.plugins.SerializersPlugin, sbt.plugins.IvyPlugin, com.typesafe.sbt.packager.universal.UniversalPlugin, sbt.plugins.JvmPlugin, com.typesafe.sbt.packager.windows.WindowsPlugin, com.typesafe.sbt.packager.docker.DockerPlugin, com.typesafe.sbt.packager.linux.LinuxPlugin) not found List(play.sbt.PlayScala, play.sbt.Play, com.typesafe.sbt.packager.archetypes.JavaServerAppPackaging, play.twirl.sbt.SbtTwirl, play.sbt.PlayNettyServer, play.sbt.PlayLayoutPlugin, play.sbt.routes.RoutesCompiler, com.typesafe.sbt.jse.SbtJsTask, com.typesafe.sbt.jshint.SbtJSHint, com.typesafe.sbt.packager.archetypes.JavaAppPackaging, sbt.plugins.JUnitXmlReportPlugin, com.typesafe.sbt.mocha.SbtMocha, com.typesafe.sbt.less.SbtLess, com.typesafe.sbt.rjs.SbtRjs, com.typesafe.sbt.jse.SbtJsEngine, com.typesafe.sbt.coffeescript.SbtCoffeeScript, sbt.plugins.BackgroundRunPlugin, com.typesafe.sbt.packager.rpm.RpmPlugin, com.typesafe.sbt.web.SbtWeb, play.sbt.forkrun.PlayForkRun, com.typesafe.sbt.packager.debian.DebianPlugin, com.typesafe.sbt.digest.SbtDigest)
  :: sorting:: found: List(sbt.plugins.CorePlugin, com.typesafe.sbt.SbtNativePackager, sbt.plugins.InteractionServicePlugin, sbt.plugins.SendEventServicePlugin, sbt.plugins.SerializersPlugin, sbt.plugins.IvyPlugin, com.typesafe.sbt.packager.universal.UniversalPlugin, sbt.plugins.JvmPlugin, com.typesafe.sbt.packager.windows.WindowsPlugin, com.typesafe.sbt.packager.docker.DockerPlugin, com.typesafe.sbt.packager.linux.LinuxPlugin, play.twirl.sbt.SbtTwirl, play.sbt.routes.RoutesCompiler, sbt.plugins.JUnitXmlReportPlugin, sbt.plugins.BackgroundRunPlugin, com.typesafe.sbt.packager.rpm.RpmPlugin, com.typesafe.sbt.web.SbtWeb, com.typesafe.sbt.packager.debian.DebianPlugin) not found List(play.sbt.PlayScala, play.sbt.Play, com.typesafe.sbt.packager.archetypes.JavaServerAppPackaging, play.sbt.PlayNettyServer, play.sbt.PlayLayoutPlugin, com.typesafe.sbt.jse.SbtJsTask, com.typesafe.sbt.jshint.SbtJSHint, com.typesafe.sbt.packager.archetypes.JavaAppPackaging, com.typesafe.sbt.mocha.SbtMocha, com.typesafe.sbt.less.SbtLess, com.typesafe.sbt.rjs.SbtRjs, com.typesafe.sbt.jse.SbtJsEngine, com.typesafe.sbt.coffeescript.SbtCoffeeScript, play.sbt.forkrun.PlayForkRun, com.typesafe.sbt.digest.SbtDigest)
  :: sorting:: found: List(sbt.plugins.CorePlugin, com.typesafe.sbt.SbtNativePackager, sbt.plugins.InteractionServicePlugin, sbt.plugins.SendEventServicePlugin, sbt.plugins.SerializersPlugin, sbt.plugins.IvyPlugin, com.typesafe.sbt.packager.universal.UniversalPlugin, sbt.plugins.JvmPlugin, com.typesafe.sbt.packager.windows.WindowsPlugin, com.typesafe.sbt.packager.docker.DockerPlugin, com.typesafe.sbt.packager.linux.LinuxPlugin, play.twirl.sbt.SbtTwirl, play.sbt.routes.RoutesCompiler, sbt.plugins.JUnitXmlReportPlugin, sbt.plugins.BackgroundRunPlugin, com.typesafe.sbt.packager.rpm.RpmPlugin, com.typesafe.sbt.web.SbtWeb, com.typesafe.sbt.packager.debian.DebianPlugin, com.typesafe.sbt.packager.archetypes.JavaAppPackaging, com.typesafe.sbt.jse.SbtJsEngine, com.typesafe.sbt.digest.SbtDigest) not found List(play.sbt.PlayScala, play.sbt.Play, com.typesafe.sbt.packager.archetypes.JavaServerAppPackaging, play.sbt.PlayNettyServer, play.sbt.PlayLayoutPlugin, com.typesafe.sbt.jse.SbtJsTask, com.typesafe.sbt.jshint.SbtJSHint, com.typesafe.sbt.mocha.SbtMocha, com.typesafe.sbt.less.SbtLess, com.typesafe.sbt.rjs.SbtRjs, com.typesafe.sbt.coffeescript.SbtCoffeeScript, play.sbt.forkrun.PlayForkRun)
  :: sorting:: found: List(sbt.plugins.CorePlugin, com.typesafe.sbt.SbtNativePackager, sbt.plugins.InteractionServicePlugin, sbt.plugins.SendEventServicePlugin, sbt.plugins.SerializersPlugin, sbt.plugins.IvyPlugin, com.typesafe.sbt.packager.universal.UniversalPlugin, sbt.plugins.JvmPlugin, com.typesafe.sbt.packager.windows.WindowsPlugin, com.typesafe.sbt.packager.docker.DockerPlugin, com.typesafe.sbt.packager.linux.LinuxPlugin, play.twirl.sbt.SbtTwirl, play.sbt.routes.RoutesCompiler, sbt.plugins.JUnitXmlReportPlugin, sbt.plugins.BackgroundRunPlugin, com.typesafe.sbt.packager.rpm.RpmPlugin, com.typesafe.sbt.web.SbtWeb, com.typesafe.sbt.packager.debian.DebianPlugin, com.typesafe.sbt.packager.archetypes.JavaAppPackaging, com.typesafe.sbt.jse.SbtJsEngine, com.typesafe.sbt.digest.SbtDigest, com.typesafe.sbt.packager.archetypes.JavaServerAppPackaging, com.typesafe.sbt.jse.SbtJsTask) not found List(play.sbt.PlayScala, play.sbt.Play, play.sbt.PlayNettyServer, play.sbt.PlayLayoutPlugin, com.typesafe.sbt.jshint.SbtJSHint, com.typesafe.sbt.mocha.SbtMocha, com.typesafe.sbt.less.SbtLess, com.typesafe.sbt.rjs.SbtRjs, com.typesafe.sbt.coffeescript.SbtCoffeeScript, play.sbt.forkrun.PlayForkRun)
  :: sorting:: found: List(sbt.plugins.CorePlugin, com.typesafe.sbt.SbtNativePackager, sbt.plugins.InteractionServicePlugin, sbt.plugins.SendEventServicePlugin, sbt.plugins.SerializersPlugin, sbt.plugins.IvyPlugin, com.typesafe.sbt.packager.universal.UniversalPlugin, sbt.plugins.JvmPlugin, com.typesafe.sbt.packager.windows.WindowsPlugin, com.typesafe.sbt.packager.docker.DockerPlugin, com.typesafe.sbt.packager.linux.LinuxPlugin, play.twirl.sbt.SbtTwirl, play.sbt.routes.RoutesCompiler, sbt.plugins.JUnitXmlReportPlugin, sbt.plugins.BackgroundRunPlugin, com.typesafe.sbt.packager.rpm.RpmPlugin, com.typesafe.sbt.web.SbtWeb, com.typesafe.sbt.packager.debian.DebianPlugin, com.typesafe.sbt.packager.archetypes.JavaAppPackaging, com.typesafe.sbt.jse.SbtJsEngine, com.typesafe.sbt.digest.SbtDigest, com.typesafe.sbt.packager.archetypes.JavaServerAppPackaging, com.typesafe.sbt.jse.SbtJsTask, play.sbt.Play, com.typesafe.sbt.jshint.SbtJSHint, com.typesafe.sbt.mocha.SbtMocha, com.typesafe.sbt.less.SbtLess, com.typesafe.sbt.rjs.SbtRjs, com.typesafe.sbt.coffeescript.SbtCoffeeScript) not found List(play.sbt.PlayScala, play.sbt.PlayNettyServer, play.sbt.PlayLayoutPlugin, play.sbt.forkrun.PlayForkRun)
  :: sorting:: found: List(sbt.plugins.CorePlugin, com.typesafe.sbt.SbtNativePackager, sbt.plugins.InteractionServicePlugin, sbt.plugins.SendEventServicePlugin, sbt.plugins.SerializersPlugin, sbt.plugins.IvyPlugin, com.typesafe.sbt.packager.universal.UniversalPlugin, sbt.plugins.JvmPlugin, com.typesafe.sbt.packager.windows.WindowsPlugin, com.typesafe.sbt.packager.docker.DockerPlugin, com.typesafe.sbt.packager.linux.LinuxPlugin, play.twirl.sbt.SbtTwirl, play.sbt.routes.RoutesCompiler, sbt.plugins.JUnitXmlReportPlugin, sbt.plugins.BackgroundRunPlugin, com.typesafe.sbt.packager.rpm.RpmPlugin, com.typesafe.sbt.web.SbtWeb, com.typesafe.sbt.packager.debian.DebianPlugin, com.typesafe.sbt.packager.archetypes.JavaAppPackaging, com.typesafe.sbt.jse.SbtJsEngine, com.typesafe.sbt.digest.SbtDigest, com.typesafe.sbt.packager.archetypes.JavaServerAppPackaging, com.typesafe.sbt.jse.SbtJsTask, play.sbt.Play, com.typesafe.sbt.jshint.SbtJSHint, com.typesafe.sbt.mocha.SbtMocha, com.typesafe.sbt.less.SbtLess, com.typesafe.sbt.rjs.SbtRjs, com.typesafe.sbt.coffeescript.SbtCoffeeScript, play.sbt.PlayScala, play.sbt.PlayNettyServer, play.sbt.PlayLayoutPlugin, play.sbt.forkrun.PlayForkRun) not found List()
  :: sorted deduced result: List(sbt.plugins.CorePlugin, com.typesafe.sbt.SbtNativePackager, sbt.plugins.InteractionServicePlugin, sbt.plugins.SendEventServicePlugin, sbt.plugins.SerializersPlugin, sbt.plugins.IvyPlugin, com.typesafe.sbt.packager.universal.UniversalPlugin, sbt.plugins.JvmPlugin, com.typesafe.sbt.packager.windows.WindowsPlugin, com.typesafe.sbt.packager.docker.DockerPlugin, com.typesafe.sbt.packager.linux.LinuxPlugin, play.twirl.sbt.SbtTwirl, play.sbt.routes.RoutesCompiler, sbt.plugins.JUnitXmlReportPlugin, sbt.plugins.BackgroundRunPlugin, com.typesafe.sbt.packager.rpm.RpmPlugin, com.typesafe.sbt.web.SbtWeb, com.typesafe.sbt.packager.debian.DebianPlugin, com.typesafe.sbt.packager.archetypes.JavaAppPackaging, com.typesafe.sbt.jse.SbtJsEngine, com.typesafe.sbt.digest.SbtDigest, com.typesafe.sbt.packager.archetypes.JavaServerAppPackaging, com.typesafe.sbt.jse.SbtJsTask, play.sbt.Play, com.typesafe.sbt.jshint.SbtJSHint, com.typesafe.sbt.mocha.SbtMocha, com.typesafe.sbt.less.SbtLess, com.typesafe.sbt.rjs.SbtRjs, com.typesafe.sbt.coffeescript.SbtCoffeeScript, play.sbt.PlayScala, play.sbt.PlayNettyServer, play.sbt.PlayLayoutPlugin, play.sbt.forkrun.PlayForkRun)
[Loading] Done in C:\Users\martin.gwarada\projects\dvla-frontend-assignment, returning: (root)
Set current project to dvla-front-assignment (in build file:/C:/Users/martin.gwarada/projects/dvla-frontend-assignment/)
Reapplying settings...
Set current project to dvla-front-assignment (in build file:/C:/Users/martin.gwarada/projects/dvla-frontend-assignment/)
> iflast shell
> server-send-ready-for-request
> server-handle-next-server-request
> {file:/C:/Users/martin.gwarada/projects/dvla-frontend-assignment/}root/*:playForkConfig
Evaluating tasks: *:playForkConfig
Running task... Cancel: sbt.server.ServerTaskCancellation@38f667ce, check cycles: false
Total time: 0 s, completed 25-Nov-2015 09:34:13
> server-post-command-cleanup
> server-handle-next-server-request
> root/playForkNotifyStart http://localhost:7700
Evaluating tasks: *:playForkNotifyStart
Running task... Cancel: sbt.server.ServerTaskCancellation@4415250, check cycles: false
Total time: 0 s, completed 25-Nov-2015 09:34:14
> server-post-command-cleanup
> server-handle-next-server-request
> {file:/C:/Users/martin.gwarada/projects/dvla-frontend-assignment/}root/*:playForkReload
Evaluating tasks: *:playForkReload
Running task... Cancel: sbt.server.ServerTaskCancellation@462f2c0c, check cycles: false
Warning: node.js detection failed, sbt will use the Rhino based Trireme JavaScript engine instead to run JavaScript assets compilation, which in some cases may be orders of magnitude slower than using node.js.

Initial source changes: 
	removed:Set()
	added: Set()
	modified: Set(C:\Users\martin.gwarada\projects\dvla-frontend-assignment\target\scala-2.11\twirl\main\views\html\index.template.scala)
Removed products: Set()
External API changes: API Changes: Set()
Modified binary dependencies: Set()
Initial directly invalidated sources: Set(C:\Users\martin.gwarada\projects\dvla-frontend-assignment\target\scala-2.11\twirl\main\views\html\index.template.scala)

Sources indirectly invalidated by:
	product: Set()
	binary dep: Set()
	external source: Set()
All initially invalidated sources: Set(C:\Users\martin.gwarada\projects\dvla-frontend-assignment\target\scala-2.11\twirl\main\views\html\index.template.scala)

Read from stdout: Compiling 1 Scala source to C:\Users\martin.gwarada\projects\dvla-frontend-assignment\target\scala-2.11\classes...
Compiling 1 Scala source to C:\Users\martin.gwarada\projects\dvla-frontend-assignment\target\scala-2.11\classes...
Getting compiler-interface from component compiler for Scala 2.11.7
Other repositories:
Default repositories:
Getting compiler-interface from component compiler for Scala 2.11.7
Other repositories:
Default repositories:
Running cached compiler 385a1764, interfacing (CompilerInterface) with Scala compiler version 2.11.7
Calling Scala compiler with arguments  (CompilerInterface):
	-deprecation
	-unchecked
	-encoding
	utf8
	-bootclasspath
	C:\Program Files\Java\jdk1.8.0_45\jre\lib\resources.jar;C:\Program Files\Java\jdk1.8.0_45\jre\lib\rt.jar;C:\Program Files\Java\jdk1.8.0_45\jre\lib\sunrsasign.jar;C:\Program Files\Java\jdk1.8.0_45\jre\lib\jsse.jar;C:\Program Files\Java\jdk1.8.0_45\jre\lib\jce.jar;C:\Program Files\Java\jdk1.8.0_45\jre\lib\charsets.jar;C:\Program Files\Java\jdk1.8.0_45\jre\lib\jfr.jar;C:\Program Files\Java\jdk1.8.0_45\jre\classes;C:\Users\martin.gwarada\.ivy2\cache\org.scala-lang\scala-library\jars\scala-library-2.11.7.jar
	-classpath
	C:\Users\martin.gwarada\projects\dvla-frontend-assignment\target\scala-2.11\classes;C:\Users\martin.gwarada\Documents\training\typesafe-activator-1.3.6\activator-dist-1.3.6\repository\com.typesafe.play\twirl-api_2.11\1.1.1\jars\twirl-api_2.11.jar;C:\Users\martin.gwarada\.ivy2\cache\org.apache.commons\commons-lang3\jars\commons-lang3-3.4.jar;C:\Users\martin.gwarada\.ivy2\cache\org.scala-lang.modules\scala-xml_2.11\bundles\scala-xml_2.11-1.0.1.jar;C:\Users\martin.gwarada\.ivy2\cache\com.typesafe.play\play-server_2.11\jars\play-server_2.11-2.4.4.jar;C:\Users\martin.gwarada\.ivy2\cache\com.typesafe.play\play_2.11\jars\play_2.11-2.4.4.jar;C:\Users\martin.gwarada\.ivy2\cache\com.typesafe.play\build-link\jars\build-link-2.4.4.jar;C:\Users\martin.gwarada\.ivy2\cache\com.typesafe.play\play-exceptions\jars\play-exceptions-2.4.4.jar;C:\Users\martin.gwarada\Documents\training\typesafe-activator-1.3.6\activator-dist-1.3.6\repository\org.javassist\javassist\3.19.0-GA\bundles\javassist.jar;C:\Users\martin.gwarada\.ivy2\cache\com.typesafe.play\play-iteratees_2.11\jars\play-iteratees_2.11-2.4.4.jar;C:\Users\martin.gwarada\.ivy2\cache\org.scala-stm\scala-stm_2.11\jars\scala-stm_2.11-0.7.jar;C:\Users\martin.gwarada\Documents\training\typesafe-activator-1.3.6\activator-dist-1.3.6\repository\com.typesafe\config\1.3.0\bundles\config.jar;C:\Users\martin.gwarada\.ivy2\cache\com.typesafe.play\play-json_2.11\jars\play-json_2.11-2.4.4.jar;C:\Users\martin.gwarada\.ivy2\cache\com.typesafe.play\play-functional_2.11\jars\play-functional_2.11-2.4.4.jar;C:\Users\martin.gwarada\.ivy2\cache\com.typesafe.play\play-datacommons_2.11\jars\play-datacommons_2.11-2.4.4.jar;C:\Users\martin.gwarada\Documents\training\typesafe-activator-1.3.6\activator-dist-1.3.6\repository\joda-time\joda-time\2.8.1\jars\joda-time.jar;C:\Users\martin.gwarada\.ivy2\cache\org.joda\joda-convert\jars\joda-convert-1.7.jar;C:\Users\martin.gwarada\.ivy2\cache\org.scala-lang\scala-reflect\jars\scala-reflect-2.11.6.jar;C:\Users\martin.gwarada\Documents\training\typesafe-activator-1.3.6\activator-dist-1.3.6\repository\com.fasterxml.jackson.core\jackson-core\2.5.4\bundles\jackson-core.jar;C:\Users\martin.gwarada\Documents\training\typesafe-activator-1.3.6\activator-dist-1.3.6\repository\com.fasterxml.jackson.core\jackson-annotations\2.5.4\bundles\jackson-annotations.jar;C:\Users\martin.gwarada\Documents\training\typesafe-activator-1.3.6\activator-dist-1.3.6\repository\com.fasterxml.jackson.core\jackson-databind\2.5.4\bundles\jackson-databind.jar;C:\Users\martin.gwarada\Documents\training\typesafe-activator-1.3.6\activator-dist-1.3.6\repository\com.fasterxml.jackson.datatype\jackson-datatype-jdk8\2.5.4\bundles\jackson-datatype-jdk8.jar;C:\Users\martin.gwarada\Documents\training\typesafe-activator-1.3.6\activator-dist-1.3.6\repository\com.fasterxml.jackson.datatype\jackson-datatype-jsr310\2.5.4\bundles\jackson-datatype-jsr310.jar;C:\Users\martin.gwarada\.ivy2\cache\com.typesafe.play\play-netty-utils\jars\play-netty-utils-2.4.4.jar;C:\Users\martin.gwarada\.ivy2\cache\org.slf4j\slf4j-api\jars\slf4j-api-1.7.12.jar;C:\Users\martin.gwarada\Documents\training\typesafe-activator-1.3.6\activator-dist-1.3.6\repository\org.slf4j\jul-to-slf4j\1.7.12\jars\jul-to-slf4j.jar;C:\Users\martin.gwarada\Documents\training\typesafe-activator-1.3.6\activator-dist-1.3.6\repository\org.slf4j\jcl-over-slf4j\1.7.12\jars\jcl-over-slf4j.jar;C:\Users\martin.gwarada\.ivy2\cache\org.scala-lang.modules\scala-parser-combinators_2.11\bundles\scala-parser-combinators_2.11-1.0.1.jar;C:\Users\martin.gwarada\Documents\training\typesafe-activator-1.3.6\activator-dist-1.3.6\repository\ch.qos.logback\logback-core\1.1.3\jars\logback-core.jar;C:\Users\martin.gwarada\Documents\training\typesafe-activator-1.3.6\activator-dist-1.3.6\repository\ch.qos.logback\logback-classic\1.1.3\jars\logback-classic.jar;C:\Users\martin.gwarada\.ivy2\cache\com.typesafe.akka\akka-actor_2.11\jars\akka-actor_2.11-2.3.13.jar;C:\Users\martin.gwarada\.ivy2\cache\com.typesafe.akka\akka-slf4j_2.11\jars\akka-slf4j_2.11-2.3.13.jar;C:\Users\martin.gwarada\.ivy2\cache\commons-codec\commons-codec\jars\commons-codec-1.10.jar;C:\Users\martin.gwarada\.ivy2\cache\xerces\xercesImpl\jars\xercesImpl-2.11.0.jar;C:\Users\martin.gwarada\.ivy2\cache\xml-apis\xml-apis\jars\xml-apis-1.4.01.jar;C:\Users\martin.gwarada\.ivy2\cache\javax.transaction\jta\jars\jta-1.1.jar;C:\Users\martin.gwarada\Documents\training\typesafe-activator-1.3.6\activator-dist-1.3.6\repository\com.google.inject\guice\4.0\jars\guice.jar;C:\Users\martin.gwarada\.ivy2\cache\javax.inject\javax.inject\jars\javax.inject-1.jar;C:\Users\martin.gwarada\.ivy2\cache\aopalliance\aopalliance\jars\aopalliance-1.0.jar;C:\Users\martin.gwarada\.ivy2\cache\com.google.guava\guava\bundles\guava-16.0.1.jar;C:\Users\martin.gwarada\Documents\training\typesafe-activator-1.3.6\activator-dist-1.3.6\repository\com.google.inject.extensions\guice-assistedinject\4.0\jars\guice-assistedinject.jar;C:\Users\martin.gwarada\.ivy2\cache\com.typesafe.play\play-netty-server_2.11\jars\play-netty-server_2.11-2.4.4.jar;C:\Users\martin.gwarada\.ivy2\cache\io.netty\netty\bundles\netty-3.10.4.Final.jar;C:\Users\martin.gwarada\Documents\training\typesafe-activator-1.3.6\activator-dist-1.3.6\repository\com.typesafe.netty\netty-http-pipelining\1.1.4\jars\netty-http-pipelining.jar;C:\Users\martin.gwarada\.ivy2\cache\org.jsoup\jsoup\jars\jsoup-1.7.2.jar;C:\Users\martin.gwarada\.ivy2\cache\org.mockito\mockito-all\jars\mockito-all-1.9.5.jar
Scala compilation took 3.028558389 s
New invalidations:
	Set()
Initial set of included nodes: Set()
Previously invalidated, but (transitively) depend on new invalidations:
	Set()
All newly invalidated sources after taking into account (previously) recompiled sources:Set()
Copy resource mappings: 
	(C:\Users\martin.gwarada\projects\dvla-frontend-assignment\conf\application.conf,C:\Users\martin.gwarada\projects\dvla-frontend-assignment\target\scala-2.11\classes\application.conf)
	(C:\Users\martin.gwarada\projects\dvla-frontend-assignment\conf\logback.xml,C:\Users\martin.gwarada\projects\dvla-frontend-assignment\target\scala-2.11\classes\logback.xml)
	(C:\Users\martin.gwarada\projects\dvla-frontend-assignment\conf\messages,C:\Users\martin.gwarada\projects\dvla-frontend-assignment\target\scala-2.11\classes\messages)
	(C:\Users\martin.gwarada\projects\dvla-frontend-assignment\conf\routes,C:\Users\martin.gwarada\projects\dvla-frontend-assignment\target\scala-2.11\classes\routes)
Total time: 4 s, completed 25-Nov-2015 09:34:43
> server-post-command-cleanup
> server-handle-next-server-request
Done executing sbt server engine, result Right(Exit(0))
Closing listening server socket
Waiting for socket thread
Waiting for request processor thread
Waiting for command engine result
Returning control to sbt launcher with result Exit(0)
Closing the 10756@MW77S9GATZQ88N logs at Wed Nov 25 09:37:12 GMT 2015, goodbye.
